[2025-02-23T17:20:49.644+0000] {local_task_job_runner.py:123} INFO - ::group::Pre task execution logs
[2025-02-23T17:20:49.651+0000] {taskinstance.py:2614} INFO - Dependencies all met for dep_context=non-requeueable deps ti=<TaskInstance: book_data_pipeline.fetch_api_data manual__2025-02-23T17:20:45.630187+00:00 [queued]>
[2025-02-23T17:20:49.656+0000] {taskinstance.py:2614} INFO - Dependencies all met for dep_context=requeueable deps ti=<TaskInstance: book_data_pipeline.fetch_api_data manual__2025-02-23T17:20:45.630187+00:00 [queued]>
[2025-02-23T17:20:49.656+0000] {taskinstance.py:2867} INFO - Starting attempt 1 of 2
[2025-02-23T17:20:49.663+0000] {taskinstance.py:2890} INFO - Executing <Task(PythonOperator): fetch_api_data> on 2025-02-23 17:20:45.630187+00:00
[2025-02-23T17:20:49.670+0000] {warnings.py:112} WARNING - /home/***/.local/lib/python3.12/site-packages/***/task/task_runner/standard_task_runner.py:70: DeprecationWarning: This process (pid=93) is multi-threaded, use of fork() may lead to deadlocks in the child.
  pid = os.fork()

[2025-02-23T17:20:49.671+0000] {standard_task_runner.py:72} INFO - Started process 94 to run task
[2025-02-23T17:20:49.672+0000] {standard_task_runner.py:104} INFO - Running: ['***', 'tasks', 'run', 'book_data_pipeline', 'fetch_api_data', 'manual__2025-02-23T17:20:45.630187+00:00', '--job-id', '447', '--raw', '--subdir', 'DAGS_FOLDER/book_data_pipeline.py', '--cfg-path', '/tmp/tmpe2to4n4c']
[2025-02-23T17:20:49.673+0000] {standard_task_runner.py:105} INFO - Job 447: Subtask fetch_api_data
[2025-02-23T17:20:49.701+0000] {task_command.py:467} INFO - Running <TaskInstance: book_data_pipeline.fetch_api_data manual__2025-02-23T17:20:45.630187+00:00 [running]> on host 9ed3502c11bd
[2025-02-23T17:20:49.737+0000] {taskinstance.py:3134} INFO - Exporting env vars: AIRFLOW_CTX_DAG_OWNER='Taushique Jafri' AIRFLOW_CTX_DAG_ID='book_data_pipeline' AIRFLOW_CTX_TASK_ID='fetch_api_data' AIRFLOW_CTX_EXECUTION_DATE='2025-02-23T17:20:45.630187+00:00' AIRFLOW_CTX_TRY_NUMBER='1' AIRFLOW_CTX_DAG_RUN_ID='manual__2025-02-23T17:20:45.630187+00:00'
[2025-02-23T17:20:49.738+0000] {logging_mixin.py:190} INFO - Task instance is in running state
[2025-02-23T17:20:49.738+0000] {logging_mixin.py:190} INFO -  Previous state of the Task instance: queued
[2025-02-23T17:20:49.738+0000] {logging_mixin.py:190} INFO - Current task name:fetch_api_data state:running start_date:2025-02-23 17:20:49.651612+00:00
[2025-02-23T17:20:49.738+0000] {logging_mixin.py:190} INFO - Dag name:book_data_pipeline and current dag run status:running
[2025-02-23T17:20:49.739+0000] {taskinstance.py:732} INFO - ::endgroup::
[2025-02-23T17:20:51.281+0000] {python_func.py:46} INFO - Successfully fetched NYTimes books
[2025-02-23T17:20:54.109+0000] {python_func.py:61} INFO - Successfully fetched open library data for 9781649377159
[2025-02-23T17:20:55.070+0000] {python_func.py:61} INFO - Successfully fetched open library data for 9781649374172
[2025-02-23T17:20:56.045+0000] {python_func.py:63} INFO - Data not found for 9780593500224
[2025-02-23T17:20:58.023+0000] {python_func.py:63} INFO - Data not found for 9780316403689
[2025-02-23T17:20:59.009+0000] {python_func.py:61} INFO - Successfully fetched open library data for 9780385550369
[2025-02-23T17:21:00.044+0000] {python_func.py:61} INFO - Successfully fetched open library data for 9781250178633
[2025-02-23T17:21:01.058+0000] {python_func.py:61} INFO - Successfully fetched open library data for 9781984879325
[2025-02-23T17:21:02.854+0000] {python_func.py:61} INFO - Successfully fetched open library data for 9781649374042
[2025-02-23T17:21:05.516+0000] {python_func.py:61} INFO - Successfully fetched open library data for 9780593803486
[2025-02-23T17:21:06.484+0000] {python_func.py:61} INFO - Successfully fetched open library data for 9781250899576
[2025-02-23T17:21:07.552+0000] {python_func.py:61} INFO - Successfully fetched open library data for 9780593418918
[2025-02-23T17:21:08.542+0000] {python_func.py:61} INFO - Successfully fetched open library data for 9781538770566
[2025-02-23T17:21:09.545+0000] {python_func.py:63} INFO - Data not found for 9781250370792
[2025-02-23T17:21:10.597+0000] {python_func.py:63} INFO - Data not found for 9781250355508
[2025-02-23T17:21:11.618+0000] {python_func.py:61} INFO - Successfully fetched open library data for 9781250871749
[2025-02-23T17:21:11.621+0000] {logging_mixin.py:190} INFO - df created
[2025-02-23T17:21:11.638+0000] {python.py:240} INFO - Done. Returned value was:     rank  ...                                           excerpts
0      1  ...                                                NaN
1      2  ...                                                NaN
2      3  ...                                                NaN
3      4  ...                                                NaN
4      5  ...  [{'text': 'Those little bastards were hiding o...
5      6  ...                                                NaN
6      7  ...                                                NaN
7      8  ...                                                NaN
8      9  ...                                                NaN
9     10  ...                                                NaN
10    11  ...                                                NaN
11    12  ...                                                NaN
12    13  ...                                                NaN
13    14  ...                                                NaN
14    15  ...                                                NaN

[15 rows x 44 columns]
[2025-02-23T17:21:11.844+0000] {taskinstance.py:341} INFO - ::group::Post task execution logs
[2025-02-23T17:21:11.845+0000] {taskinstance.py:353} INFO - Marking task as SUCCESS. dag_id=book_data_pipeline, task_id=fetch_api_data, run_id=manual__2025-02-23T17:20:45.630187+00:00, execution_date=20250223T172045, start_date=20250223T172049, end_date=20250223T172111
[2025-02-23T17:21:11.861+0000] {logging_mixin.py:190} INFO - Task instance in success state
[2025-02-23T17:21:11.861+0000] {logging_mixin.py:190} INFO -  Previous state of the Task instance: running
[2025-02-23T17:21:11.861+0000] {logging_mixin.py:190} INFO - Dag name:book_data_pipeline queued_at:2025-02-23 17:20:45.666339+00:00
[2025-02-23T17:21:11.862+0000] {logging_mixin.py:190} INFO - Task hostname:9ed3502c11bd operator:PythonOperator
[2025-02-23T17:21:11.901+0000] {local_task_job_runner.py:266} INFO - Task exited with return code 0
[2025-02-23T17:21:11.939+0000] {taskinstance.py:3901} INFO - 1 downstream tasks scheduled from follow-on schedule check
[2025-02-23T17:21:11.940+0000] {local_task_job_runner.py:245} INFO - ::endgroup::
