[2025-02-23T17:21:13.671+0000] {local_task_job_runner.py:123} INFO - ::group::Pre task execution logs
[2025-02-23T17:21:13.679+0000] {taskinstance.py:2614} INFO - Dependencies all met for dep_context=non-requeueable deps ti=<TaskInstance: book_data_pipeline.transform_collected_data manual__2025-02-23T17:20:45.630187+00:00 [queued]>
[2025-02-23T17:21:13.682+0000] {taskinstance.py:2614} INFO - Dependencies all met for dep_context=requeueable deps ti=<TaskInstance: book_data_pipeline.transform_collected_data manual__2025-02-23T17:20:45.630187+00:00 [queued]>
[2025-02-23T17:21:13.682+0000] {taskinstance.py:2867} INFO - Starting attempt 1 of 2
[2025-02-23T17:21:13.687+0000] {taskinstance.py:2890} INFO - Executing <Task(PythonOperator): transform_collected_data> on 2025-02-23 17:20:45.630187+00:00
[2025-02-23T17:21:13.695+0000] {warnings.py:112} WARNING - /home/***/.local/lib/python3.12/site-packages/***/task/task_runner/standard_task_runner.py:70: DeprecationWarning: This process (pid=102) is multi-threaded, use of fork() may lead to deadlocks in the child.
  pid = os.fork()

[2025-02-23T17:21:13.696+0000] {standard_task_runner.py:72} INFO - Started process 103 to run task
[2025-02-23T17:21:13.697+0000] {standard_task_runner.py:104} INFO - Running: ['***', 'tasks', 'run', 'book_data_pipeline', 'transform_collected_data', 'manual__2025-02-23T17:20:45.630187+00:00', '--job-id', '448', '--raw', '--subdir', 'DAGS_FOLDER/book_data_pipeline.py', '--cfg-path', '/tmp/tmpj4t0mv35']
[2025-02-23T17:21:13.697+0000] {standard_task_runner.py:105} INFO - Job 448: Subtask transform_collected_data
[2025-02-23T17:21:13.735+0000] {task_command.py:467} INFO - Running <TaskInstance: book_data_pipeline.transform_collected_data manual__2025-02-23T17:20:45.630187+00:00 [running]> on host 9ed3502c11bd
[2025-02-23T17:21:13.980+0000] {taskinstance.py:3134} INFO - Exporting env vars: AIRFLOW_CTX_DAG_OWNER='Taushique Jafri' AIRFLOW_CTX_DAG_ID='book_data_pipeline' AIRFLOW_CTX_TASK_ID='transform_collected_data' AIRFLOW_CTX_EXECUTION_DATE='2025-02-23T17:20:45.630187+00:00' AIRFLOW_CTX_TRY_NUMBER='1' AIRFLOW_CTX_DAG_RUN_ID='manual__2025-02-23T17:20:45.630187+00:00'
[2025-02-23T17:21:13.981+0000] {logging_mixin.py:190} INFO - Task instance is in running state
[2025-02-23T17:21:13.981+0000] {logging_mixin.py:190} INFO -  Previous state of the Task instance: queued
[2025-02-23T17:21:13.981+0000] {logging_mixin.py:190} INFO - Current task name:transform_collected_data state:running start_date:2025-02-23 17:21:13.679511+00:00
[2025-02-23T17:21:13.981+0000] {logging_mixin.py:190} INFO - Dag name:book_data_pipeline and current dag run status:running
[2025-02-23T17:21:13.981+0000] {taskinstance.py:732} INFO - ::endgroup::
[2025-02-23T17:21:14.046+0000] {python.py:240} INFO - Done. Returned value was:    primary_isbn13  ...                ingested_at
0   9781649377159  ... 2025-02-23 17:21:14.038069
1   9781649374172  ... 2025-02-23 17:21:14.038069
2   9780593500224  ... 2025-02-23 17:21:14.038069
3   9780316403689  ... 2025-02-23 17:21:14.038069
4   9780385550369  ... 2025-02-23 17:21:14.038069
5   9781250178633  ... 2025-02-23 17:21:14.038069
6   9781984879325  ... 2025-02-23 17:21:14.038069
7   9781649374042  ... 2025-02-23 17:21:14.038069
8   9780593803486  ... 2025-02-23 17:21:14.038069
9   9781250899576  ... 2025-02-23 17:21:14.038069
10  9780593418918  ... 2025-02-23 17:21:14.038069
11  9781538770566  ... 2025-02-23 17:21:14.038069
12  9781250370792  ... 2025-02-23 17:21:14.038069
13  9781250355508  ... 2025-02-23 17:21:14.038069
14  9781250871749  ... 2025-02-23 17:21:14.038069

[15 rows x 18 columns]
[2025-02-23T17:21:14.090+0000] {taskinstance.py:341} INFO - ::group::Post task execution logs
[2025-02-23T17:21:14.090+0000] {taskinstance.py:353} INFO - Marking task as SUCCESS. dag_id=book_data_pipeline, task_id=transform_collected_data, run_id=manual__2025-02-23T17:20:45.630187+00:00, execution_date=20250223T172045, start_date=20250223T172113, end_date=20250223T172114
[2025-02-23T17:21:14.100+0000] {logging_mixin.py:190} INFO - Task instance in success state
[2025-02-23T17:21:14.100+0000] {logging_mixin.py:190} INFO -  Previous state of the Task instance: running
[2025-02-23T17:21:14.100+0000] {logging_mixin.py:190} INFO - Dag name:book_data_pipeline queued_at:2025-02-23 17:20:45.666339+00:00
[2025-02-23T17:21:14.100+0000] {logging_mixin.py:190} INFO - Task hostname:9ed3502c11bd operator:PythonOperator
[2025-02-23T17:21:14.127+0000] {local_task_job_runner.py:266} INFO - Task exited with return code 0
[2025-02-23T17:21:14.144+0000] {taskinstance.py:3901} INFO - 1 downstream tasks scheduled from follow-on schedule check
[2025-02-23T17:21:14.145+0000] {local_task_job_runner.py:245} INFO - ::endgroup::
