[2025-02-23T17:21:18.118+0000] {local_task_job_runner.py:123} INFO - ::group::Pre task execution logs
[2025-02-23T17:21:18.129+0000] {taskinstance.py:2614} INFO - Dependencies all met for dep_context=non-requeueable deps ti=<TaskInstance: book_data_pipeline.create_table manual__2025-02-23T17:20:45.630187+00:00 [queued]>
[2025-02-23T17:21:18.133+0000] {taskinstance.py:2614} INFO - Dependencies all met for dep_context=requeueable deps ti=<TaskInstance: book_data_pipeline.create_table manual__2025-02-23T17:20:45.630187+00:00 [queued]>
[2025-02-23T17:21:18.133+0000] {taskinstance.py:2867} INFO - Starting attempt 1 of 2
[2025-02-23T17:21:18.138+0000] {taskinstance.py:2890} INFO - Executing <Task(SQLExecuteQueryOperator): create_table> on 2025-02-23 17:20:45.630187+00:00
[2025-02-23T17:21:18.145+0000] {warnings.py:112} WARNING - /home/***/.local/lib/python3.12/site-packages/***/task/task_runner/standard_task_runner.py:70: DeprecationWarning: This process (pid=126) is multi-threaded, use of fork() may lead to deadlocks in the child.
  pid = os.fork()

[2025-02-23T17:21:18.146+0000] {standard_task_runner.py:104} INFO - Running: ['***', 'tasks', 'run', 'book_data_pipeline', 'create_table', 'manual__2025-02-23T17:20:45.630187+00:00', '--job-id', '450', '--raw', '--subdir', 'DAGS_FOLDER/book_data_pipeline.py', '--cfg-path', '/tmp/tmpwzv05npm']
[2025-02-23T17:21:18.147+0000] {standard_task_runner.py:105} INFO - Job 450: Subtask create_table
[2025-02-23T17:21:18.146+0000] {standard_task_runner.py:72} INFO - Started process 127 to run task
[2025-02-23T17:21:18.188+0000] {task_command.py:467} INFO - Running <TaskInstance: book_data_pipeline.create_table manual__2025-02-23T17:20:45.630187+00:00 [running]> on host 9ed3502c11bd
[2025-02-23T17:21:18.429+0000] {taskinstance.py:3134} INFO - Exporting env vars: AIRFLOW_CTX_DAG_OWNER='Taushique Jafri' AIRFLOW_CTX_DAG_ID='book_data_pipeline' AIRFLOW_CTX_TASK_ID='create_table' AIRFLOW_CTX_EXECUTION_DATE='2025-02-23T17:20:45.630187+00:00' AIRFLOW_CTX_TRY_NUMBER='1' AIRFLOW_CTX_DAG_RUN_ID='manual__2025-02-23T17:20:45.630187+00:00'
[2025-02-23T17:21:18.430+0000] {logging_mixin.py:190} INFO - Task instance is in running state
[2025-02-23T17:21:18.430+0000] {logging_mixin.py:190} INFO -  Previous state of the Task instance: queued
[2025-02-23T17:21:18.430+0000] {logging_mixin.py:190} INFO - Current task name:create_table state:running start_date:2025-02-23 17:21:18.129561+00:00
[2025-02-23T17:21:18.430+0000] {logging_mixin.py:190} INFO - Dag name:book_data_pipeline and current dag run status:running
[2025-02-23T17:21:18.430+0000] {taskinstance.py:732} INFO - ::endgroup::
[2025-02-23T17:21:18.430+0000] {sql.py:295} INFO - Executing: 
            CREATE TABLE IF NOT EXISTS books (
                id SERIAL PRIMARY KEY,
                primary_isbn13 VARCHAR(13),
                primary_isbn10 VARCHAR(10),
                title TEXT,
                author TEXT,
                publisher TEXT,
                description TEXT,
                list_published_date DATE,
                rank INT,
                weeks_on_list INT,
                number_of_pages INT,
                weight FLOAT,
                cover_small TEXT,
                cover_large TEXT,
                url TEXT,
                amazon_buy_link TEXT,
                apple_buy_link TEXT,
                book_shop_buy_link TEXT,
                ingested_at TIMESTAMP
            );      
        
[2025-02-23T17:21:18.434+0000] {base.py:84} INFO - Retrieving connection 'postgres_default'
[2025-02-23T17:21:18.436+0000] {base.py:84} INFO - Retrieving connection 'postgres_default'
[2025-02-23T17:21:18.439+0000] {sql.py:511} INFO - Running statement: 
            CREATE TABLE IF NOT EXISTS books (
                id SERIAL PRIMARY KEY,
                primary_isbn13 VARCHAR(13),
                primary_isbn10 VARCHAR(10),
                title TEXT,
                author TEXT,
                publisher TEXT,
                description TEXT,
                list_published_date DATE,
                rank INT,
                weeks_on_list INT,
                number_of_pages INT,
                weight FLOAT,
                cover_small TEXT,
                cover_large TEXT,
                url TEXT,
                amazon_buy_link TEXT,
                apple_buy_link TEXT,
                book_shop_buy_link TEXT,
                ingested_at TIMESTAMP
            );      
        , parameters: None
[2025-02-23T17:21:18.462+0000] {warnings.py:112} WARNING - /home/***/.local/lib/python3.12/site-packages/***/providers/common/sql/hooks/sql.py:470: DeprecationWarning: Import of fetch_all_handler from the '***.providers.common.sql.hooks' module is deprecated and will
be removed in the future. Please import it from '***.providers.common.sql.hooks.handlers'.
  result = self._make_common_data_structure(handler(cur))

[2025-02-23T17:21:18.463+0000] {warnings.py:112} WARNING - /home/***/.local/lib/python3.12/site-packages/***/providers/common/sql/hooks/sql.py:471: DeprecationWarning: Import of return_single_query_results from the '***.providers.common.sql.hooks' module is deprecated and will
be removed in the future. Please import it from '***.providers.common.sql.hooks.handlers'.
  if return_single_query_results(sql, return_last, split_statements):

[2025-02-23T17:21:18.464+0000] {warnings.py:112} WARNING - /home/***/.local/lib/python3.12/site-packages/***/providers/common/sql/hooks/sql.py:486: DeprecationWarning: Import of return_single_query_results from the '***.providers.common.sql.hooks' module is deprecated and will
be removed in the future. Please import it from '***.providers.common.sql.hooks.handlers'.
  if return_single_query_results(sql, return_last, split_statements):

[2025-02-23T17:21:18.464+0000] {warnings.py:112} WARNING - /home/***/.local/lib/python3.12/site-packages/***/providers/common/sql/operators/sql.py:311: DeprecationWarning: Import of return_single_query_results from the '***.providers.common.sql.hooks' module is deprecated and will
be removed in the future. Please import it from '***.providers.common.sql.hooks.handlers'.
  if return_single_query_results(self.sql, self.return_last, self.split_statements):

[2025-02-23T17:21:18.468+0000] {taskinstance.py:341} INFO - ::group::Post task execution logs
[2025-02-23T17:21:18.468+0000] {taskinstance.py:353} INFO - Marking task as SUCCESS. dag_id=book_data_pipeline, task_id=create_table, run_id=manual__2025-02-23T17:20:45.630187+00:00, execution_date=20250223T172045, start_date=20250223T172118, end_date=20250223T172118
[2025-02-23T17:21:18.475+0000] {logging_mixin.py:190} INFO - Task instance in success state
[2025-02-23T17:21:18.475+0000] {logging_mixin.py:190} INFO -  Previous state of the Task instance: running
[2025-02-23T17:21:18.476+0000] {logging_mixin.py:190} INFO - Dag name:book_data_pipeline queued_at:2025-02-23 17:20:45.666339+00:00
[2025-02-23T17:21:18.476+0000] {logging_mixin.py:190} INFO - Task hostname:9ed3502c11bd operator:SQLExecuteQueryOperator
[2025-02-23T17:21:18.506+0000] {local_task_job_runner.py:266} INFO - Task exited with return code 0
[2025-02-23T17:21:18.519+0000] {taskinstance.py:3901} INFO - 1 downstream tasks scheduled from follow-on schedule check
[2025-02-23T17:21:18.520+0000] {local_task_job_runner.py:245} INFO - ::endgroup::
