[2025-02-23T12:35:26.769+0000] {processor.py:186} INFO - Started process (PID=51) to work on /opt/airflow/dags/book_data_pipeline.py
[2025-02-23T12:35:26.770+0000] {processor.py:914} INFO - Processing file /opt/airflow/dags/book_data_pipeline.py for tasks to queue
[2025-02-23T12:35:26.772+0000] {logging_mixin.py:190} INFO - [2025-02-23T12:35:26.772+0000] {dagbag.py:588} INFO - Filling up the DagBag from /opt/airflow/dags/book_data_pipeline.py
[2025-02-23T12:35:26.874+0000] {logging_mixin.py:190} WARNING - /opt/airflow/dags/book_data_pipeline.py:86 SyntaxWarning: invalid escape sequence '\d'
[2025-02-23T12:35:26.882+0000] {processor.py:925} INFO - DAG(s) 'book_data_pipeline' retrieved from /opt/airflow/dags/book_data_pipeline.py
[2025-02-23T12:35:27.269+0000] {logging_mixin.py:190} INFO - [2025-02-23T12:35:27.269+0000] {override.py:1912} INFO - Created Permission View: can edit on DAG:book_data_pipeline
[2025-02-23T12:35:27.285+0000] {logging_mixin.py:190} INFO - [2025-02-23T12:35:27.284+0000] {override.py:1912} INFO - Created Permission View: can read on DAG:book_data_pipeline
[2025-02-23T12:35:27.298+0000] {logging_mixin.py:190} INFO - [2025-02-23T12:35:27.297+0000] {override.py:1912} INFO - Created Permission View: can delete on DAG:book_data_pipeline
[2025-02-23T12:35:27.307+0000] {logging_mixin.py:190} INFO - [2025-02-23T12:35:27.306+0000] {override.py:1912} INFO - Created Permission View: menu access on DAG Run:book_data_pipeline
[2025-02-23T12:35:27.315+0000] {logging_mixin.py:190} INFO - [2025-02-23T12:35:27.315+0000] {override.py:1912} INFO - Created Permission View: can read on DAG Run:book_data_pipeline
[2025-02-23T12:35:27.322+0000] {logging_mixin.py:190} INFO - [2025-02-23T12:35:27.321+0000] {override.py:1912} INFO - Created Permission View: can delete on DAG Run:book_data_pipeline
[2025-02-23T12:35:27.331+0000] {logging_mixin.py:190} INFO - [2025-02-23T12:35:27.331+0000] {override.py:1912} INFO - Created Permission View: can create on DAG Run:book_data_pipeline
[2025-02-23T12:35:27.331+0000] {logging_mixin.py:190} INFO - [2025-02-23T12:35:27.331+0000] {dag.py:3239} INFO - Sync 1 DAGs
[2025-02-23T12:35:27.341+0000] {logging_mixin.py:190} INFO - [2025-02-23T12:35:27.341+0000] {dag.py:3262} INFO - Creating ORM DAG for book_data_pipeline
[2025-02-23T12:35:27.354+0000] {logging_mixin.py:190} INFO - [2025-02-23T12:35:27.354+0000] {dag.py:4180} INFO - Setting next_dagrun for book_data_pipeline to 2025-02-22 09:00:00+00:00, run_after=2025-02-23 09:00:00+00:00
[2025-02-23T12:35:27.381+0000] {processor.py:208} INFO - Processing /opt/airflow/dags/book_data_pipeline.py took 0.617 seconds
[2025-02-23T12:35:57.444+0000] {processor.py:186} INFO - Started process (PID=117) to work on /opt/airflow/dags/book_data_pipeline.py
[2025-02-23T12:35:57.448+0000] {processor.py:914} INFO - Processing file /opt/airflow/dags/book_data_pipeline.py for tasks to queue
[2025-02-23T12:35:57.450+0000] {logging_mixin.py:190} INFO - [2025-02-23T12:35:57.450+0000] {dagbag.py:588} INFO - Filling up the DagBag from /opt/airflow/dags/book_data_pipeline.py
[2025-02-23T12:35:57.481+0000] {processor.py:925} INFO - DAG(s) 'book_data_pipeline' retrieved from /opt/airflow/dags/book_data_pipeline.py
[2025-02-23T12:35:57.498+0000] {logging_mixin.py:190} INFO - [2025-02-23T12:35:57.497+0000] {dag.py:3239} INFO - Sync 1 DAGs
[2025-02-23T12:35:57.512+0000] {logging_mixin.py:190} INFO - [2025-02-23T12:35:57.512+0000] {dag.py:4180} INFO - Setting next_dagrun for book_data_pipeline to 2025-02-22 09:00:00+00:00, run_after=2025-02-23 09:00:00+00:00
[2025-02-23T12:35:57.520+0000] {processor.py:208} INFO - Processing /opt/airflow/dags/book_data_pipeline.py took 0.081 seconds
[2025-02-23T12:36:28.091+0000] {processor.py:186} INFO - Started process (PID=179) to work on /opt/airflow/dags/book_data_pipeline.py
[2025-02-23T12:36:28.092+0000] {processor.py:914} INFO - Processing file /opt/airflow/dags/book_data_pipeline.py for tasks to queue
[2025-02-23T12:36:28.095+0000] {logging_mixin.py:190} INFO - [2025-02-23T12:36:28.095+0000] {dagbag.py:588} INFO - Filling up the DagBag from /opt/airflow/dags/book_data_pipeline.py
[2025-02-23T12:36:28.149+0000] {processor.py:925} INFO - DAG(s) 'book_data_pipeline' retrieved from /opt/airflow/dags/book_data_pipeline.py
[2025-02-23T12:36:28.166+0000] {logging_mixin.py:190} INFO - [2025-02-23T12:36:28.166+0000] {dag.py:3239} INFO - Sync 1 DAGs
[2025-02-23T12:36:28.275+0000] {logging_mixin.py:190} INFO - [2025-02-23T12:36:28.275+0000] {dag.py:4180} INFO - Setting next_dagrun for book_data_pipeline to 2025-02-23 09:00:00+00:00, run_after=2025-02-24 09:00:00+00:00
[2025-02-23T12:36:28.305+0000] {processor.py:208} INFO - Processing /opt/airflow/dags/book_data_pipeline.py took 0.233 seconds
[2025-02-23T12:36:59.289+0000] {processor.py:186} INFO - Started process (PID=268) to work on /opt/airflow/dags/book_data_pipeline.py
[2025-02-23T12:36:59.291+0000] {processor.py:914} INFO - Processing file /opt/airflow/dags/book_data_pipeline.py for tasks to queue
[2025-02-23T12:36:59.296+0000] {logging_mixin.py:190} INFO - [2025-02-23T12:36:59.295+0000] {dagbag.py:588} INFO - Filling up the DagBag from /opt/airflow/dags/book_data_pipeline.py
[2025-02-23T12:36:59.331+0000] {processor.py:925} INFO - DAG(s) 'book_data_pipeline' retrieved from /opt/airflow/dags/book_data_pipeline.py
[2025-02-23T12:36:59.351+0000] {logging_mixin.py:190} INFO - [2025-02-23T12:36:59.350+0000] {dag.py:3239} INFO - Sync 1 DAGs
[2025-02-23T12:36:59.381+0000] {logging_mixin.py:190} INFO - [2025-02-23T12:36:59.381+0000] {dag.py:4180} INFO - Setting next_dagrun for book_data_pipeline to 2025-02-23 09:00:00+00:00, run_after=2025-02-24 09:00:00+00:00
[2025-02-23T12:36:59.391+0000] {processor.py:208} INFO - Processing /opt/airflow/dags/book_data_pipeline.py took 0.132 seconds
[2025-02-23T12:37:30.071+0000] {processor.py:186} INFO - Started process (PID=332) to work on /opt/airflow/dags/book_data_pipeline.py
[2025-02-23T12:37:30.073+0000] {processor.py:914} INFO - Processing file /opt/airflow/dags/book_data_pipeline.py for tasks to queue
[2025-02-23T12:37:30.083+0000] {logging_mixin.py:190} INFO - [2025-02-23T12:37:30.082+0000] {dagbag.py:588} INFO - Filling up the DagBag from /opt/airflow/dags/book_data_pipeline.py
[2025-02-23T12:37:30.125+0000] {processor.py:925} INFO - DAG(s) 'book_data_pipeline' retrieved from /opt/airflow/dags/book_data_pipeline.py
[2025-02-23T12:37:30.145+0000] {logging_mixin.py:190} INFO - [2025-02-23T12:37:30.145+0000] {dag.py:3239} INFO - Sync 1 DAGs
[2025-02-23T12:37:30.167+0000] {logging_mixin.py:190} INFO - [2025-02-23T12:37:30.166+0000] {dag.py:4180} INFO - Setting next_dagrun for book_data_pipeline to 2025-02-23 09:00:00+00:00, run_after=2025-02-24 09:00:00+00:00
[2025-02-23T12:37:30.176+0000] {processor.py:208} INFO - Processing /opt/airflow/dags/book_data_pipeline.py took 0.123 seconds
[2025-02-23T12:38:01.005+0000] {processor.py:186} INFO - Started process (PID=396) to work on /opt/airflow/dags/book_data_pipeline.py
[2025-02-23T12:38:01.009+0000] {processor.py:914} INFO - Processing file /opt/airflow/dags/book_data_pipeline.py for tasks to queue
[2025-02-23T12:38:01.012+0000] {logging_mixin.py:190} INFO - [2025-02-23T12:38:01.012+0000] {dagbag.py:588} INFO - Filling up the DagBag from /opt/airflow/dags/book_data_pipeline.py
[2025-02-23T12:38:01.038+0000] {processor.py:925} INFO - DAG(s) 'book_data_pipeline' retrieved from /opt/airflow/dags/book_data_pipeline.py
[2025-02-23T12:38:01.051+0000] {logging_mixin.py:190} INFO - [2025-02-23T12:38:01.050+0000] {dag.py:3239} INFO - Sync 1 DAGs
[2025-02-23T12:38:01.075+0000] {logging_mixin.py:190} INFO - [2025-02-23T12:38:01.075+0000] {dag.py:4180} INFO - Setting next_dagrun for book_data_pipeline to 2025-02-23 09:00:00+00:00, run_after=2025-02-24 09:00:00+00:00
[2025-02-23T12:38:01.086+0000] {processor.py:208} INFO - Processing /opt/airflow/dags/book_data_pipeline.py took 0.115 seconds
[2025-02-23T12:38:31.612+0000] {processor.py:186} INFO - Started process (PID=460) to work on /opt/airflow/dags/book_data_pipeline.py
[2025-02-23T12:38:31.613+0000] {processor.py:914} INFO - Processing file /opt/airflow/dags/book_data_pipeline.py for tasks to queue
[2025-02-23T12:38:31.618+0000] {logging_mixin.py:190} INFO - [2025-02-23T12:38:31.618+0000] {dagbag.py:588} INFO - Filling up the DagBag from /opt/airflow/dags/book_data_pipeline.py
[2025-02-23T12:38:31.662+0000] {processor.py:925} INFO - DAG(s) 'book_data_pipeline' retrieved from /opt/airflow/dags/book_data_pipeline.py
[2025-02-23T12:38:31.681+0000] {logging_mixin.py:190} INFO - [2025-02-23T12:38:31.681+0000] {dag.py:3239} INFO - Sync 1 DAGs
[2025-02-23T12:38:31.708+0000] {logging_mixin.py:190} INFO - [2025-02-23T12:38:31.708+0000] {dag.py:4180} INFO - Setting next_dagrun for book_data_pipeline to 2025-02-23 09:00:00+00:00, run_after=2025-02-24 09:00:00+00:00
[2025-02-23T12:38:31.722+0000] {processor.py:208} INFO - Processing /opt/airflow/dags/book_data_pipeline.py took 0.122 seconds
[2025-02-23T12:39:01.846+0000] {processor.py:186} INFO - Started process (PID=525) to work on /opt/airflow/dags/book_data_pipeline.py
[2025-02-23T12:39:01.847+0000] {processor.py:914} INFO - Processing file /opt/airflow/dags/book_data_pipeline.py for tasks to queue
[2025-02-23T12:39:01.851+0000] {logging_mixin.py:190} INFO - [2025-02-23T12:39:01.851+0000] {dagbag.py:588} INFO - Filling up the DagBag from /opt/airflow/dags/book_data_pipeline.py
[2025-02-23T12:39:01.897+0000] {processor.py:925} INFO - DAG(s) 'book_data_pipeline' retrieved from /opt/airflow/dags/book_data_pipeline.py
[2025-02-23T12:39:01.912+0000] {logging_mixin.py:190} INFO - [2025-02-23T12:39:01.911+0000] {dag.py:3239} INFO - Sync 1 DAGs
[2025-02-23T12:39:01.927+0000] {logging_mixin.py:190} INFO - [2025-02-23T12:39:01.927+0000] {dag.py:4180} INFO - Setting next_dagrun for book_data_pipeline to 2025-02-23 09:00:00+00:00, run_after=2025-02-24 09:00:00+00:00
[2025-02-23T12:39:01.936+0000] {processor.py:208} INFO - Processing /opt/airflow/dags/book_data_pipeline.py took 0.101 seconds
[2025-02-23T17:16:05.703+0000] {processor.py:186} INFO - Started process (PID=50) to work on /opt/airflow/dags/book_data_pipeline.py
[2025-02-23T17:16:05.708+0000] {processor.py:914} INFO - Processing file /opt/airflow/dags/book_data_pipeline.py for tasks to queue
[2025-02-23T17:16:05.715+0000] {logging_mixin.py:190} INFO - [2025-02-23T17:16:05.715+0000] {dagbag.py:588} INFO - Filling up the DagBag from /opt/airflow/dags/book_data_pipeline.py
[2025-02-23T17:16:05.855+0000] {processor.py:925} INFO - DAG(s) 'book_data_pipeline' retrieved from /opt/airflow/dags/book_data_pipeline.py
[2025-02-23T17:16:05.913+0000] {logging_mixin.py:190} INFO - [2025-02-23T17:16:05.912+0000] {dag.py:3239} INFO - Sync 1 DAGs
[2025-02-23T17:16:05.939+0000] {logging_mixin.py:190} INFO - [2025-02-23T17:16:05.939+0000] {dag.py:4180} INFO - Setting next_dagrun for book_data_pipeline to 2025-02-23 09:00:00+00:00, run_after=2025-02-24 09:00:00+00:00
[2025-02-23T17:16:05.959+0000] {processor.py:208} INFO - Processing /opt/airflow/dags/book_data_pipeline.py took 0.279 seconds
[2025-02-23T17:16:36.995+0000] {processor.py:186} INFO - Started process (PID=113) to work on /opt/airflow/dags/book_data_pipeline.py
[2025-02-23T17:16:36.996+0000] {processor.py:914} INFO - Processing file /opt/airflow/dags/book_data_pipeline.py for tasks to queue
[2025-02-23T17:16:37.001+0000] {logging_mixin.py:190} INFO - [2025-02-23T17:16:37.000+0000] {dagbag.py:588} INFO - Filling up the DagBag from /opt/airflow/dags/book_data_pipeline.py
[2025-02-23T17:16:37.032+0000] {processor.py:925} INFO - DAG(s) 'book_data_pipeline' retrieved from /opt/airflow/dags/book_data_pipeline.py
[2025-02-23T17:16:37.046+0000] {logging_mixin.py:190} INFO - [2025-02-23T17:16:37.046+0000] {dag.py:3239} INFO - Sync 1 DAGs
[2025-02-23T17:16:37.057+0000] {logging_mixin.py:190} INFO - [2025-02-23T17:16:37.057+0000] {dag.py:4180} INFO - Setting next_dagrun for book_data_pipeline to 2025-02-23 09:00:00+00:00, run_after=2025-02-24 09:00:00+00:00
[2025-02-23T17:16:37.068+0000] {processor.py:208} INFO - Processing /opt/airflow/dags/book_data_pipeline.py took 0.082 seconds
[2025-02-23T17:17:06.354+0000] {processor.py:186} INFO - Started process (PID=50) to work on /opt/airflow/dags/book_data_pipeline.py
[2025-02-23T17:17:06.359+0000] {processor.py:914} INFO - Processing file /opt/airflow/dags/book_data_pipeline.py for tasks to queue
[2025-02-23T17:17:06.363+0000] {logging_mixin.py:190} INFO - [2025-02-23T17:17:06.363+0000] {dagbag.py:588} INFO - Filling up the DagBag from /opt/airflow/dags/book_data_pipeline.py
[2025-02-23T17:17:06.471+0000] {processor.py:925} INFO - DAG(s) 'book_data_pipeline' retrieved from /opt/airflow/dags/book_data_pipeline.py
[2025-02-23T17:17:06.514+0000] {logging_mixin.py:190} INFO - [2025-02-23T17:17:06.514+0000] {dag.py:3239} INFO - Sync 1 DAGs
[2025-02-23T17:17:06.536+0000] {logging_mixin.py:190} INFO - [2025-02-23T17:17:06.536+0000] {dag.py:4180} INFO - Setting next_dagrun for book_data_pipeline to 2025-02-23 09:00:00+00:00, run_after=2025-02-24 09:00:00+00:00
[2025-02-23T17:17:06.572+0000] {processor.py:208} INFO - Processing /opt/airflow/dags/book_data_pipeline.py took 0.230 seconds
[2025-02-23T17:17:36.939+0000] {processor.py:186} INFO - Started process (PID=114) to work on /opt/airflow/dags/book_data_pipeline.py
[2025-02-23T17:17:36.948+0000] {processor.py:914} INFO - Processing file /opt/airflow/dags/book_data_pipeline.py for tasks to queue
[2025-02-23T17:17:36.956+0000] {logging_mixin.py:190} INFO - [2025-02-23T17:17:36.955+0000] {dagbag.py:588} INFO - Filling up the DagBag from /opt/airflow/dags/book_data_pipeline.py
[2025-02-23T17:17:37.243+0000] {processor.py:925} INFO - DAG(s) 'book_data_pipeline' retrieved from /opt/airflow/dags/book_data_pipeline.py
[2025-02-23T17:17:37.366+0000] {logging_mixin.py:190} INFO - [2025-02-23T17:17:37.364+0000] {dag.py:3239} INFO - Sync 1 DAGs
[2025-02-23T17:17:37.681+0000] {logging_mixin.py:190} INFO - [2025-02-23T17:17:37.678+0000] {dag.py:4180} INFO - Setting next_dagrun for book_data_pipeline to 2025-02-23 09:00:00+00:00, run_after=2025-02-24 09:00:00+00:00
[2025-02-23T17:17:37.833+0000] {processor.py:208} INFO - Processing /opt/airflow/dags/book_data_pipeline.py took 0.951 seconds
[2025-02-23T17:18:26.383+0000] {processor.py:186} INFO - Started process (PID=55) to work on /opt/airflow/dags/book_data_pipeline.py
[2025-02-23T17:18:26.386+0000] {processor.py:914} INFO - Processing file /opt/airflow/dags/book_data_pipeline.py for tasks to queue
[2025-02-23T17:18:26.391+0000] {logging_mixin.py:190} INFO - [2025-02-23T17:18:26.390+0000] {dagbag.py:588} INFO - Filling up the DagBag from /opt/airflow/dags/book_data_pipeline.py
[2025-02-23T17:18:26.487+0000] {processor.py:925} INFO - DAG(s) 'book_data_pipeline' retrieved from /opt/airflow/dags/book_data_pipeline.py
[2025-02-23T17:18:26.543+0000] {logging_mixin.py:190} INFO - [2025-02-23T17:18:26.542+0000] {dag.py:3239} INFO - Sync 1 DAGs
[2025-02-23T17:18:26.610+0000] {logging_mixin.py:190} INFO - [2025-02-23T17:18:26.609+0000] {dag.py:4180} INFO - Setting next_dagrun for book_data_pipeline to 2025-02-23 09:00:00+00:00, run_after=2025-02-24 09:00:00+00:00
[2025-02-23T17:18:26.640+0000] {processor.py:208} INFO - Processing /opt/airflow/dags/book_data_pipeline.py took 0.282 seconds
[2025-02-23T17:18:56.985+0000] {processor.py:186} INFO - Started process (PID=119) to work on /opt/airflow/dags/book_data_pipeline.py
[2025-02-23T17:18:56.989+0000] {processor.py:914} INFO - Processing file /opt/airflow/dags/book_data_pipeline.py for tasks to queue
[2025-02-23T17:18:56.995+0000] {logging_mixin.py:190} INFO - [2025-02-23T17:18:56.995+0000] {dagbag.py:588} INFO - Filling up the DagBag from /opt/airflow/dags/book_data_pipeline.py
[2025-02-23T17:18:57.043+0000] {processor.py:925} INFO - DAG(s) 'book_data_pipeline' retrieved from /opt/airflow/dags/book_data_pipeline.py
[2025-02-23T17:18:57.070+0000] {logging_mixin.py:190} INFO - [2025-02-23T17:18:57.070+0000] {dag.py:3239} INFO - Sync 1 DAGs
[2025-02-23T17:18:57.090+0000] {logging_mixin.py:190} INFO - [2025-02-23T17:18:57.090+0000] {dag.py:4180} INFO - Setting next_dagrun for book_data_pipeline to 2025-02-23 09:00:00+00:00, run_after=2025-02-24 09:00:00+00:00
[2025-02-23T17:18:57.113+0000] {processor.py:208} INFO - Processing /opt/airflow/dags/book_data_pipeline.py took 0.137 seconds
[2025-02-23T17:19:28.177+0000] {processor.py:186} INFO - Started process (PID=183) to work on /opt/airflow/dags/book_data_pipeline.py
[2025-02-23T17:19:28.178+0000] {processor.py:914} INFO - Processing file /opt/airflow/dags/book_data_pipeline.py for tasks to queue
[2025-02-23T17:19:28.183+0000] {logging_mixin.py:190} INFO - [2025-02-23T17:19:28.182+0000] {dagbag.py:588} INFO - Filling up the DagBag from /opt/airflow/dags/book_data_pipeline.py
[2025-02-23T17:19:28.226+0000] {processor.py:925} INFO - DAG(s) 'book_data_pipeline' retrieved from /opt/airflow/dags/book_data_pipeline.py
[2025-02-23T17:19:28.241+0000] {logging_mixin.py:190} INFO - [2025-02-23T17:19:28.240+0000] {dag.py:3239} INFO - Sync 1 DAGs
[2025-02-23T17:19:28.256+0000] {logging_mixin.py:190} INFO - [2025-02-23T17:19:28.255+0000] {dag.py:4180} INFO - Setting next_dagrun for book_data_pipeline to 2025-02-23 09:00:00+00:00, run_after=2025-02-24 09:00:00+00:00
[2025-02-23T17:19:28.269+0000] {processor.py:208} INFO - Processing /opt/airflow/dags/book_data_pipeline.py took 0.102 seconds
[2025-02-23T17:19:59.231+0000] {processor.py:186} INFO - Started process (PID=247) to work on /opt/airflow/dags/book_data_pipeline.py
[2025-02-23T17:19:59.232+0000] {processor.py:914} INFO - Processing file /opt/airflow/dags/book_data_pipeline.py for tasks to queue
[2025-02-23T17:19:59.234+0000] {logging_mixin.py:190} INFO - [2025-02-23T17:19:59.234+0000] {dagbag.py:588} INFO - Filling up the DagBag from /opt/airflow/dags/book_data_pipeline.py
[2025-02-23T17:19:59.272+0000] {processor.py:925} INFO - DAG(s) 'book_data_pipeline' retrieved from /opt/airflow/dags/book_data_pipeline.py
[2025-02-23T17:19:59.288+0000] {logging_mixin.py:190} INFO - [2025-02-23T17:19:59.288+0000] {dag.py:3239} INFO - Sync 1 DAGs
[2025-02-23T17:19:59.304+0000] {logging_mixin.py:190} INFO - [2025-02-23T17:19:59.304+0000] {dag.py:4180} INFO - Setting next_dagrun for book_data_pipeline to 2025-02-23 09:00:00+00:00, run_after=2025-02-24 09:00:00+00:00
[2025-02-23T17:19:59.318+0000] {processor.py:208} INFO - Processing /opt/airflow/dags/book_data_pipeline.py took 0.096 seconds
[2025-02-23T17:20:29.420+0000] {processor.py:186} INFO - Started process (PID=311) to work on /opt/airflow/dags/book_data_pipeline.py
[2025-02-23T17:20:29.421+0000] {processor.py:914} INFO - Processing file /opt/airflow/dags/book_data_pipeline.py for tasks to queue
[2025-02-23T17:20:29.425+0000] {logging_mixin.py:190} INFO - [2025-02-23T17:20:29.425+0000] {dagbag.py:588} INFO - Filling up the DagBag from /opt/airflow/dags/book_data_pipeline.py
[2025-02-23T17:20:29.477+0000] {processor.py:925} INFO - DAG(s) 'book_data_pipeline' retrieved from /opt/airflow/dags/book_data_pipeline.py
[2025-02-23T17:20:29.495+0000] {logging_mixin.py:190} INFO - [2025-02-23T17:20:29.495+0000] {dag.py:3239} INFO - Sync 1 DAGs
[2025-02-23T17:20:29.510+0000] {logging_mixin.py:190} INFO - [2025-02-23T17:20:29.510+0000] {dag.py:4180} INFO - Setting next_dagrun for book_data_pipeline to 2025-02-23 09:00:00+00:00, run_after=2025-02-24 09:00:00+00:00
[2025-02-23T17:20:29.521+0000] {processor.py:208} INFO - Processing /opt/airflow/dags/book_data_pipeline.py took 0.109 seconds
[2025-02-23T17:20:59.696+0000] {processor.py:186} INFO - Started process (PID=376) to work on /opt/airflow/dags/book_data_pipeline.py
[2025-02-23T17:20:59.697+0000] {processor.py:914} INFO - Processing file /opt/airflow/dags/book_data_pipeline.py for tasks to queue
[2025-02-23T17:20:59.699+0000] {logging_mixin.py:190} INFO - [2025-02-23T17:20:59.698+0000] {dagbag.py:588} INFO - Filling up the DagBag from /opt/airflow/dags/book_data_pipeline.py
[2025-02-23T17:20:59.721+0000] {processor.py:925} INFO - DAG(s) 'book_data_pipeline' retrieved from /opt/airflow/dags/book_data_pipeline.py
[2025-02-23T17:20:59.736+0000] {logging_mixin.py:190} INFO - [2025-02-23T17:20:59.736+0000] {dag.py:3239} INFO - Sync 1 DAGs
[2025-02-23T17:20:59.757+0000] {logging_mixin.py:190} INFO - [2025-02-23T17:20:59.757+0000] {dag.py:4180} INFO - Setting next_dagrun for book_data_pipeline to 2025-02-23 09:00:00+00:00, run_after=2025-02-24 09:00:00+00:00
[2025-02-23T17:20:59.769+0000] {processor.py:208} INFO - Processing /opt/airflow/dags/book_data_pipeline.py took 0.078 seconds
[2025-02-23T17:21:29.928+0000] {processor.py:186} INFO - Started process (PID=440) to work on /opt/airflow/dags/book_data_pipeline.py
[2025-02-23T17:21:29.929+0000] {processor.py:914} INFO - Processing file /opt/airflow/dags/book_data_pipeline.py for tasks to queue
[2025-02-23T17:21:29.930+0000] {logging_mixin.py:190} INFO - [2025-02-23T17:21:29.930+0000] {dagbag.py:588} INFO - Filling up the DagBag from /opt/airflow/dags/book_data_pipeline.py
[2025-02-23T17:21:29.951+0000] {processor.py:925} INFO - DAG(s) 'book_data_pipeline' retrieved from /opt/airflow/dags/book_data_pipeline.py
[2025-02-23T17:21:29.967+0000] {logging_mixin.py:190} INFO - [2025-02-23T17:21:29.967+0000] {dag.py:3239} INFO - Sync 1 DAGs
[2025-02-23T17:21:29.984+0000] {logging_mixin.py:190} INFO - [2025-02-23T17:21:29.984+0000] {dag.py:4180} INFO - Setting next_dagrun for book_data_pipeline to 2025-02-23 09:00:00+00:00, run_after=2025-02-24 09:00:00+00:00
[2025-02-23T17:21:29.993+0000] {processor.py:208} INFO - Processing /opt/airflow/dags/book_data_pipeline.py took 0.077 seconds
[2025-02-23T17:22:00.765+0000] {processor.py:186} INFO - Started process (PID=503) to work on /opt/airflow/dags/book_data_pipeline.py
[2025-02-23T17:22:00.766+0000] {processor.py:914} INFO - Processing file /opt/airflow/dags/book_data_pipeline.py for tasks to queue
[2025-02-23T17:22:00.772+0000] {logging_mixin.py:190} INFO - [2025-02-23T17:22:00.771+0000] {dagbag.py:588} INFO - Filling up the DagBag from /opt/airflow/dags/book_data_pipeline.py
[2025-02-23T17:22:00.816+0000] {processor.py:925} INFO - DAG(s) 'book_data_pipeline' retrieved from /opt/airflow/dags/book_data_pipeline.py
[2025-02-23T17:22:00.850+0000] {logging_mixin.py:190} INFO - [2025-02-23T17:22:00.849+0000] {dag.py:3239} INFO - Sync 1 DAGs
[2025-02-23T17:22:00.865+0000] {logging_mixin.py:190} INFO - [2025-02-23T17:22:00.865+0000] {dag.py:4180} INFO - Setting next_dagrun for book_data_pipeline to 2025-02-23 09:00:00+00:00, run_after=2025-02-24 09:00:00+00:00
[2025-02-23T17:22:00.877+0000] {processor.py:208} INFO - Processing /opt/airflow/dags/book_data_pipeline.py took 0.122 seconds
[2025-02-23T17:22:31.062+0000] {processor.py:186} INFO - Started process (PID=567) to work on /opt/airflow/dags/book_data_pipeline.py
[2025-02-23T17:22:31.064+0000] {processor.py:914} INFO - Processing file /opt/airflow/dags/book_data_pipeline.py for tasks to queue
[2025-02-23T17:22:31.076+0000] {logging_mixin.py:190} INFO - [2025-02-23T17:22:31.075+0000] {dagbag.py:588} INFO - Filling up the DagBag from /opt/airflow/dags/book_data_pipeline.py
[2025-02-23T17:22:31.124+0000] {processor.py:925} INFO - DAG(s) 'book_data_pipeline' retrieved from /opt/airflow/dags/book_data_pipeline.py
[2025-02-23T17:22:31.146+0000] {logging_mixin.py:190} INFO - [2025-02-23T17:22:31.146+0000] {dag.py:3239} INFO - Sync 1 DAGs
[2025-02-23T17:22:31.162+0000] {logging_mixin.py:190} INFO - [2025-02-23T17:22:31.162+0000] {dag.py:4180} INFO - Setting next_dagrun for book_data_pipeline to 2025-02-23 09:00:00+00:00, run_after=2025-02-24 09:00:00+00:00
[2025-02-23T17:22:31.178+0000] {processor.py:208} INFO - Processing /opt/airflow/dags/book_data_pipeline.py took 0.126 seconds
[2025-02-23T17:23:01.771+0000] {processor.py:186} INFO - Started process (PID=637) to work on /opt/airflow/dags/book_data_pipeline.py
[2025-02-23T17:23:01.773+0000] {processor.py:914} INFO - Processing file /opt/airflow/dags/book_data_pipeline.py for tasks to queue
[2025-02-23T17:23:01.778+0000] {logging_mixin.py:190} INFO - [2025-02-23T17:23:01.777+0000] {dagbag.py:588} INFO - Filling up the DagBag from /opt/airflow/dags/book_data_pipeline.py
[2025-02-23T17:23:01.818+0000] {processor.py:925} INFO - DAG(s) 'book_data_pipeline' retrieved from /opt/airflow/dags/book_data_pipeline.py
[2025-02-23T17:23:01.838+0000] {logging_mixin.py:190} INFO - [2025-02-23T17:23:01.838+0000] {dag.py:3239} INFO - Sync 1 DAGs
[2025-02-23T17:23:01.861+0000] {logging_mixin.py:190} INFO - [2025-02-23T17:23:01.861+0000] {dag.py:4180} INFO - Setting next_dagrun for book_data_pipeline to 2025-02-23 09:00:00+00:00, run_after=2025-02-24 09:00:00+00:00
[2025-02-23T17:23:01.872+0000] {processor.py:208} INFO - Processing /opt/airflow/dags/book_data_pipeline.py took 0.120 seconds
[2025-02-23T17:23:32.562+0000] {processor.py:186} INFO - Started process (PID=701) to work on /opt/airflow/dags/book_data_pipeline.py
[2025-02-23T17:23:32.564+0000] {processor.py:914} INFO - Processing file /opt/airflow/dags/book_data_pipeline.py for tasks to queue
[2025-02-23T17:23:32.572+0000] {logging_mixin.py:190} INFO - [2025-02-23T17:23:32.571+0000] {dagbag.py:588} INFO - Filling up the DagBag from /opt/airflow/dags/book_data_pipeline.py
[2025-02-23T17:23:32.642+0000] {processor.py:925} INFO - DAG(s) 'book_data_pipeline' retrieved from /opt/airflow/dags/book_data_pipeline.py
[2025-02-23T17:23:32.664+0000] {logging_mixin.py:190} INFO - [2025-02-23T17:23:32.664+0000] {dag.py:3239} INFO - Sync 1 DAGs
[2025-02-23T17:23:32.679+0000] {logging_mixin.py:190} INFO - [2025-02-23T17:23:32.679+0000] {dag.py:4180} INFO - Setting next_dagrun for book_data_pipeline to 2025-02-23 09:00:00+00:00, run_after=2025-02-24 09:00:00+00:00
[2025-02-23T17:23:32.692+0000] {processor.py:208} INFO - Processing /opt/airflow/dags/book_data_pipeline.py took 0.165 seconds
[2025-02-23T17:24:03.051+0000] {processor.py:186} INFO - Started process (PID=765) to work on /opt/airflow/dags/book_data_pipeline.py
[2025-02-23T17:24:03.055+0000] {processor.py:914} INFO - Processing file /opt/airflow/dags/book_data_pipeline.py for tasks to queue
[2025-02-23T17:24:03.064+0000] {logging_mixin.py:190} INFO - [2025-02-23T17:24:03.063+0000] {dagbag.py:588} INFO - Filling up the DagBag from /opt/airflow/dags/book_data_pipeline.py
[2025-02-23T17:24:03.100+0000] {processor.py:925} INFO - DAG(s) 'book_data_pipeline' retrieved from /opt/airflow/dags/book_data_pipeline.py
[2025-02-23T17:24:03.126+0000] {logging_mixin.py:190} INFO - [2025-02-23T17:24:03.126+0000] {dag.py:3239} INFO - Sync 1 DAGs
[2025-02-23T17:24:03.142+0000] {logging_mixin.py:190} INFO - [2025-02-23T17:24:03.142+0000] {dag.py:4180} INFO - Setting next_dagrun for book_data_pipeline to 2025-02-23 09:00:00+00:00, run_after=2025-02-24 09:00:00+00:00
[2025-02-23T17:24:03.153+0000] {processor.py:208} INFO - Processing /opt/airflow/dags/book_data_pipeline.py took 0.129 seconds
[2025-02-23T17:24:33.288+0000] {processor.py:186} INFO - Started process (PID=829) to work on /opt/airflow/dags/book_data_pipeline.py
[2025-02-23T17:24:33.290+0000] {processor.py:914} INFO - Processing file /opt/airflow/dags/book_data_pipeline.py for tasks to queue
[2025-02-23T17:24:33.293+0000] {logging_mixin.py:190} INFO - [2025-02-23T17:24:33.293+0000] {dagbag.py:588} INFO - Filling up the DagBag from /opt/airflow/dags/book_data_pipeline.py
[2025-02-23T17:24:33.330+0000] {processor.py:925} INFO - DAG(s) 'book_data_pipeline' retrieved from /opt/airflow/dags/book_data_pipeline.py
[2025-02-23T17:24:33.352+0000] {logging_mixin.py:190} INFO - [2025-02-23T17:24:33.352+0000] {dag.py:3239} INFO - Sync 1 DAGs
[2025-02-23T17:24:33.372+0000] {logging_mixin.py:190} INFO - [2025-02-23T17:24:33.372+0000] {dag.py:4180} INFO - Setting next_dagrun for book_data_pipeline to 2025-02-23 09:00:00+00:00, run_after=2025-02-24 09:00:00+00:00
[2025-02-23T17:24:33.395+0000] {processor.py:208} INFO - Processing /opt/airflow/dags/book_data_pipeline.py took 0.116 seconds
[2025-02-23T17:25:03.497+0000] {processor.py:186} INFO - Started process (PID=893) to work on /opt/airflow/dags/book_data_pipeline.py
[2025-02-23T17:25:03.500+0000] {processor.py:914} INFO - Processing file /opt/airflow/dags/book_data_pipeline.py for tasks to queue
[2025-02-23T17:25:03.507+0000] {logging_mixin.py:190} INFO - [2025-02-23T17:25:03.506+0000] {dagbag.py:588} INFO - Filling up the DagBag from /opt/airflow/dags/book_data_pipeline.py
[2025-02-23T17:25:03.563+0000] {processor.py:925} INFO - DAG(s) 'book_data_pipeline' retrieved from /opt/airflow/dags/book_data_pipeline.py
[2025-02-23T17:25:03.602+0000] {logging_mixin.py:190} INFO - [2025-02-23T17:25:03.602+0000] {dag.py:3239} INFO - Sync 1 DAGs
[2025-02-23T17:25:03.616+0000] {logging_mixin.py:190} INFO - [2025-02-23T17:25:03.616+0000] {dag.py:4180} INFO - Setting next_dagrun for book_data_pipeline to 2025-02-23 09:00:00+00:00, run_after=2025-02-24 09:00:00+00:00
[2025-02-23T17:25:03.627+0000] {processor.py:208} INFO - Processing /opt/airflow/dags/book_data_pipeline.py took 0.158 seconds
[2025-02-23T17:25:34.361+0000] {processor.py:186} INFO - Started process (PID=957) to work on /opt/airflow/dags/book_data_pipeline.py
[2025-02-23T17:25:34.499+0000] {processor.py:914} INFO - Processing file /opt/airflow/dags/book_data_pipeline.py for tasks to queue
[2025-02-23T17:25:34.504+0000] {logging_mixin.py:190} INFO - [2025-02-23T17:25:34.503+0000] {dagbag.py:588} INFO - Filling up the DagBag from /opt/airflow/dags/book_data_pipeline.py
[2025-02-23T17:25:34.572+0000] {processor.py:925} INFO - DAG(s) 'book_data_pipeline' retrieved from /opt/airflow/dags/book_data_pipeline.py
[2025-02-23T17:25:34.600+0000] {logging_mixin.py:190} INFO - [2025-02-23T17:25:34.599+0000] {dag.py:3239} INFO - Sync 1 DAGs
[2025-02-23T17:25:34.618+0000] {logging_mixin.py:190} INFO - [2025-02-23T17:25:34.618+0000] {dag.py:4180} INFO - Setting next_dagrun for book_data_pipeline to 2025-02-23 09:00:00+00:00, run_after=2025-02-24 09:00:00+00:00
[2025-02-23T17:25:34.631+0000] {processor.py:208} INFO - Processing /opt/airflow/dags/book_data_pipeline.py took 0.284 seconds
[2025-02-23T17:26:04.766+0000] {processor.py:186} INFO - Started process (PID=1021) to work on /opt/airflow/dags/book_data_pipeline.py
[2025-02-23T17:26:04.768+0000] {processor.py:914} INFO - Processing file /opt/airflow/dags/book_data_pipeline.py for tasks to queue
[2025-02-23T17:26:04.773+0000] {logging_mixin.py:190} INFO - [2025-02-23T17:26:04.773+0000] {dagbag.py:588} INFO - Filling up the DagBag from /opt/airflow/dags/book_data_pipeline.py
[2025-02-23T17:26:04.804+0000] {processor.py:925} INFO - DAG(s) 'book_data_pipeline' retrieved from /opt/airflow/dags/book_data_pipeline.py
[2025-02-23T17:26:04.827+0000] {logging_mixin.py:190} INFO - [2025-02-23T17:26:04.827+0000] {dag.py:3239} INFO - Sync 1 DAGs
[2025-02-23T17:26:04.840+0000] {logging_mixin.py:190} INFO - [2025-02-23T17:26:04.839+0000] {dag.py:4180} INFO - Setting next_dagrun for book_data_pipeline to 2025-02-23 09:00:00+00:00, run_after=2025-02-24 09:00:00+00:00
[2025-02-23T17:26:04.851+0000] {processor.py:208} INFO - Processing /opt/airflow/dags/book_data_pipeline.py took 0.104 seconds
