[2025-02-23T17:21:19.664+0000] {local_task_job_runner.py:123} INFO - ::group::Pre task execution logs
[2025-02-23T17:21:19.671+0000] {taskinstance.py:2614} INFO - Dependencies all met for dep_context=non-requeueable deps ti=<TaskInstance: book_data_pipeline.insert_book_data manual__2025-02-23T17:20:45.630187+00:00 [queued]>
[2025-02-23T17:21:19.674+0000] {taskinstance.py:2614} INFO - Dependencies all met for dep_context=requeueable deps ti=<TaskInstance: book_data_pipeline.insert_book_data manual__2025-02-23T17:20:45.630187+00:00 [queued]>
[2025-02-23T17:21:19.675+0000] {taskinstance.py:2867} INFO - Starting attempt 1 of 2
[2025-02-23T17:21:19.679+0000] {taskinstance.py:2890} INFO - Executing <Task(PythonOperator): insert_book_data> on 2025-02-23 17:20:45.630187+00:00
[2025-02-23T17:21:19.683+0000] {warnings.py:112} WARNING - /home/***/.local/lib/python3.12/site-packages/***/task/task_runner/standard_task_runner.py:70: DeprecationWarning: This process (pid=129) is multi-threaded, use of fork() may lead to deadlocks in the child.
  pid = os.fork()

[2025-02-23T17:21:19.685+0000] {standard_task_runner.py:72} INFO - Started process 130 to run task
[2025-02-23T17:21:19.686+0000] {standard_task_runner.py:104} INFO - Running: ['***', 'tasks', 'run', 'book_data_pipeline', 'insert_book_data', 'manual__2025-02-23T17:20:45.630187+00:00', '--job-id', '451', '--raw', '--subdir', 'DAGS_FOLDER/book_data_pipeline.py', '--cfg-path', '/tmp/tmpfwkibpxr']
[2025-02-23T17:21:19.687+0000] {standard_task_runner.py:105} INFO - Job 451: Subtask insert_book_data
[2025-02-23T17:21:19.712+0000] {task_command.py:467} INFO - Running <TaskInstance: book_data_pipeline.insert_book_data manual__2025-02-23T17:20:45.630187+00:00 [running]> on host 9ed3502c11bd
[2025-02-23T17:21:19.928+0000] {taskinstance.py:3134} INFO - Exporting env vars: AIRFLOW_CTX_DAG_OWNER='Taushique Jafri' AIRFLOW_CTX_DAG_ID='book_data_pipeline' AIRFLOW_CTX_TASK_ID='insert_book_data' AIRFLOW_CTX_EXECUTION_DATE='2025-02-23T17:20:45.630187+00:00' AIRFLOW_CTX_TRY_NUMBER='1' AIRFLOW_CTX_DAG_RUN_ID='manual__2025-02-23T17:20:45.630187+00:00'
[2025-02-23T17:21:19.929+0000] {logging_mixin.py:190} INFO - Task instance is in running state
[2025-02-23T17:21:19.929+0000] {logging_mixin.py:190} INFO -  Previous state of the Task instance: queued
[2025-02-23T17:21:19.929+0000] {logging_mixin.py:190} INFO - Current task name:insert_book_data state:running start_date:2025-02-23 17:21:19.671691+00:00
[2025-02-23T17:21:19.929+0000] {logging_mixin.py:190} INFO - Dag name:book_data_pipeline and current dag run status:running
[2025-02-23T17:21:19.929+0000] {taskinstance.py:732} INFO - ::endgroup::
[2025-02-23T17:21:19.980+0000] {logging_mixin.py:190} INFO - <class 'pandas.core.frame.DataFrame'>
[2025-02-23T17:21:19.984+0000] {logging_mixin.py:190} INFO - [{'primary_isbn13': '9781649377159', 'primary_isbn10': '1649377150', 'title': 'Onyx Storm (Standard Edition)', 'author': 'Rebecca Yarros', 'publisher': 'None', 'description': 'The third book in the Empyrean series. As enemies gain traction, Violet Sorrengail goes beyond the Aretian wards in search of allies.', 'list_published_date': Timestamp('2025-02-23 00:00:00'), 'rank': 1, 'weeks_on_list': 4, 'number_of_pages': 527, 'weight': 0.69, 'cover_small': 'https://covers.openlibrary.org/b/id/14839882-S.jpg', 'cover_large': 'https://covers.openlibrary.org/b/id/14839882-L.jpg', 'url': 'https://openlibrary.org/books/OL57571539M/Onyx_Storm_(Standard_Edition)', 'amazon_buy_link': 'https://www.amazon.com/dp/1649374186?tag=thenewyorktim-20', 'apple_buy_link': 'https://goto.applebooks.apple/9781649377159?at=10lIEQ', 'book_shop_buy_link': 'https://bookshop.org/a/3546/9781649377159', 'ingested_at': Timestamp('2025-02-23 17:21:14.038069')}, {'primary_isbn13': '9781649374172', 'primary_isbn10': '1649374178', 'title': 'Iron Flame', 'author': 'Rebecca Yarros', 'publisher': 'None', 'description': 'The second book in the Empyrean series. Violet Sorrengail’s next round of training under the new vice commandant might require her to betray the man she loves.', 'list_published_date': Timestamp('2025-02-23 00:00:00'), 'rank': 2, 'weeks_on_list': 67, 'number_of_pages': 512, 'weight': 0.455, 'cover_small': 'https://covers.openlibrary.org/b/id/14611581-S.jpg', 'cover_large': 'https://covers.openlibrary.org/b/id/14611581-L.jpg', 'url': 'https://openlibrary.org/books/OL46781584M/Iron_Flame', 'amazon_buy_link': 'https://www.amazon.com/dp/1649374178?tag=thenewyorktim-20', 'apple_buy_link': 'https://goto.applebooks.apple/9781649374172?at=10lIEQ', 'book_shop_buy_link': 'https://bookshop.org/a/3546/9781649374172', 'ingested_at': Timestamp('2025-02-23 17:21:14.038069')}, {'primary_isbn13': '9780593500224', 'primary_isbn10': '0593500229', 'title': "EMILY WILDE'S COMPENDIUM OF LOST TALES", 'author': 'Heather Fawcett', 'publisher': 'None', 'description': 'The third book in the Emily Wilde series. Wilde joins with a former academic rival to examine the inner workings of a faerie realm.', 'list_published_date': Timestamp('2025-02-23 00:00:00'), 'rank': 3, 'weeks_on_list': 1, 'number_of_pages': None, 'weight': nan, 'cover_small': 'None', 'cover_large': 'None', 'url': 'None', 'amazon_buy_link': 'https://www.amazon.com/dp/0593500229?tag=thenewyorktim-20', 'apple_buy_link': 'https://goto.applebooks.apple/9780593500224?at=10lIEQ', 'book_shop_buy_link': 'https://bookshop.org/a/3546/9780593500224', 'ingested_at': Timestamp('2025-02-23 17:21:14.038069')}, {'primary_isbn13': '9780316403689', 'primary_isbn10': '0316403687', 'title': 'PARANOIA', 'author': 'James Patterson and James O. Born', 'publisher': 'None', 'description': 'The 17th book in the Michael Bennett series. Bennett goes after someone who is killing police officers.', 'list_published_date': Timestamp('2025-02-23 00:00:00'), 'rank': 4, 'weeks_on_list': 1, 'number_of_pages': None, 'weight': nan, 'cover_small': 'None', 'cover_large': 'None', 'url': 'None', 'amazon_buy_link': 'https://www.amazon.com/dp/0316403687?tag=thenewyorktim-20', 'apple_buy_link': 'https://goto.applebooks.apple/9780316403689?at=10lIEQ', 'book_shop_buy_link': 'https://bookshop.org/a/3546/9780316403689', 'ingested_at': Timestamp('2025-02-23 17:21:14.038069')}, {'primary_isbn13': '9780385550369', 'primary_isbn10': '0385550367', 'title': 'James', 'author': 'Percival Everett', 'publisher': 'None', 'description': "A reimagining of “Adventures of Huckleberry Finn” shines a different light on Mark Twain's classic, revealing new facets of the character of Jim.", 'list_published_date': Timestamp('2025-02-23 00:00:00'), 'rank': 5, 'weeks_on_list': 33, 'number_of_pages': 318, 'weight': 0.489, 'cover_small': 'https://covers.openlibrary.org/b/id/14612225-S.jpg', 'cover_large': 'https://covers.openlibrary.org/b/id/14612225-L.jpg', 'url': 'https://openlibrary.org/books/OL51098012M/James', 'amazon_buy_link': 'https://www.amazon.com/dp/0385550367?tag=thenewyorktim-20', 'apple_buy_link': 'https://goto.applebooks.apple/9780385550369?at=10lIEQ', 'book_shop_buy_link': 'https://bookshop.org/a/3546/9780385550369', 'ingested_at': Timestamp('2025-02-23 17:21:14.038069')}, {'primary_isbn13': '9781250178633', 'primary_isbn10': '1250178630', 'title': 'The women', 'author': 'Kristin Hannah', 'publisher': 'None', 'description': 'In 1965, a nursing student follows her brother to serve during the Vietnam War and returns to a divided America.', 'list_published_date': Timestamp('2025-02-23 00:00:00'), 'rank': 6, 'weeks_on_list': 54, 'number_of_pages': None, 'weight': nan, 'cover_small': 'https://covers.openlibrary.org/b/id/14550040-S.jpg', 'cover_large': 'https://covers.openlibrary.org/b/id/14550040-L.jpg', 'url': 'https://openlibrary.org/books/OL50210208M/The_women', 'amazon_buy_link': 'https://www.amazon.com/dp/1250178630?tag=thenewyorktim-20', 'apple_buy_link': 'https://goto.applebooks.apple/9781250178633?at=10lIEQ', 'book_shop_buy_link': 'https://bookshop.org/a/3546/9781250178633', 'ingested_at': Timestamp('2025-02-23 17:21:14.038069')}, {'primary_isbn13': '9781984879325', 'primary_isbn10': '1984879324', 'title': 'We All Live Here', 'author': 'Jojo Moyes', 'publisher': 'None', 'description': 'A woman, who is besieged by calamities in several facets of her life, finds her beliefs about family are tested.', 'list_published_date': Timestamp('2025-02-23 00:00:00'), 'rank': 7, 'weeks_on_list': 1, 'number_of_pages': 464, 'weight': 0.648, 'cover_small': 'https://covers.openlibrary.org/b/id/14842183-S.jpg', 'cover_large': 'https://covers.openlibrary.org/b/id/14842183-L.jpg', 'url': 'https://openlibrary.org/books/OL57566496M/We_All_Live_Here', 'amazon_buy_link': 'https://www.amazon.com/dp/1984879324?tag=thenewyorktim-20', 'apple_buy_link': 'https://goto.applebooks.apple/9781984879325?at=10lIEQ', 'book_shop_buy_link': 'https://bookshop.org/a/3546/9781984879325', 'ingested_at': Timestamp('2025-02-23 17:21:14.038069')}, {'primary_isbn13': '9781649374042', 'primary_isbn10': '1649374046', 'title': 'Fourth Wing', 'author': 'Rebecca Yarros', 'publisher': 'None', 'description': 'Violet Sorrengail is urged by the commanding general, who also is her mother, to become a candidate for the elite dragon riders.', 'list_published_date': Timestamp('2025-02-23 00:00:00'), 'rank': 8, 'weeks_on_list': 84, 'number_of_pages': None, 'weight': 0.455, 'cover_small': 'https://covers.openlibrary.org/b/id/14605482-S.jpg', 'cover_large': 'https://covers.openlibrary.org/b/id/14605482-L.jpg', 'url': 'https://openlibrary.org/books/OL39767438M/Fourth_Wing', 'amazon_buy_link': 'https://www.amazon.com/dp/1649374046?tag=thenewyorktim-20', 'apple_buy_link': 'https://goto.applebooks.apple/9781649374042?at=10lIEQ', 'book_shop_buy_link': 'https://bookshop.org/a/3546/9781649374042', 'ingested_at': Timestamp('2025-02-23 17:21:14.038069')}, {'primary_isbn13': '9780593803486', 'primary_isbn10': '0593803485', 'title': 'Three Days in June', 'author': 'Anne Tyler', 'publisher': 'None', 'description': 'As her daughter’s wedding draws near, Gail Baines faces issues with her job, her ex-husband and her past.', 'list_published_date': Timestamp('2025-02-23 00:00:00'), 'rank': 9, 'weeks_on_list': 1, 'number_of_pages': 165, 'weight': 0.333, 'cover_small': 'https://covers.openlibrary.org/b/id/14842192-S.jpg', 'cover_large': 'https://covers.openlibrary.org/b/id/14842192-L.jpg', 'url': 'https://openlibrary.org/books/OL57570512M/Three_Days_in_June', 'amazon_buy_link': 'https://www.amazon.com/dp/0593803485?tag=thenewyorktim-20', 'apple_buy_link': 'https://goto.applebooks.apple/9780593803486?at=10lIEQ', 'book_shop_buy_link': 'https://bookshop.org/a/3546/9780593803486', 'ingested_at': Timestamp('2025-02-23 17:21:14.038069')}, {'primary_isbn13': '9781250899576', 'primary_isbn10': '1250899575', 'title': 'Wedding People', 'author': 'Alison Espach', 'publisher': 'None', 'description': 'A woman who is down on her luck forms an unexpected bond with the bride at a wedding in Rhode Island.', 'list_published_date': Timestamp('2025-02-23 00:00:00'), 'rank': 10, 'weeks_on_list': 16, 'number_of_pages': None, 'weight': 0.45, 'cover_small': 'https://covers.openlibrary.org/b/id/14647406-S.jpg', 'cover_large': 'https://covers.openlibrary.org/b/id/14647406-L.jpg', 'url': 'https://openlibrary.org/books/OL50714525M/Wedding_People', 'amazon_buy_link': 'https://www.amazon.com/dp/1250899575?tag=thenewyorktim-20', 'apple_buy_link': 'https://goto.applebooks.apple/9781250899576?at=10lIEQ', 'book_shop_buy_link': 'https://bookshop.org/a/3546/9781250899576', 'ingested_at': Timestamp('2025-02-23 17:21:14.038069')}, {'primary_isbn13': '9780593418918', 'primary_isbn10': '0593418913', 'title': 'God of the Woods', 'author': 'Liz Moore', 'publisher': 'None', 'description': 'When a 13-year-old girl disappears from an Adirondack summer camp in 1975, secrets kept by the Van Laar family emerge.', 'list_published_date': Timestamp('2025-02-23 00:00:00'), 'rank': 11, 'weeks_on_list': 31, 'number_of_pages': None, 'weight': 0.745, 'cover_small': 'https://covers.openlibrary.org/b/id/14645735-S.jpg', 'cover_large': 'https://covers.openlibrary.org/b/id/14645735-L.jpg', 'url': 'https://openlibrary.org/books/OL51111334M/God_of_the_Woods', 'amazon_buy_link': 'https://www.amazon.com/dp/0593418913?tag=thenewyorktim-20', 'apple_buy_link': 'https://goto.applebooks.apple/9780593418918?at=10lIEQ', 'book_shop_buy_link': 'https://bookshop.org/a/3546/9780593418918', 'ingested_at': Timestamp('2025-02-23 17:21:14.038069')}, {'primary_isbn13': '9781538770566', 'primary_isbn10': '1538770563', 'title': 'The Medici return', 'author': 'Steve Berry', 'publisher': 'None', 'description': 'The 19th book in the Cotton Malone series. Malone goes to Italy to unravel a five-centuries-old mystery.', 'list_published_date': Timestamp('2025-02-23 00:00:00'), 'rank': 12, 'weeks_on_list': 1, 'number_of_pages': 403, 'weight': nan, 'cover_small': 'https://covers.openlibrary.org/b/id/14845327-S.jpg', 'cover_large': 'https://covers.openlibrary.org/b/id/14845327-L.jpg', 'url': 'https://openlibrary.org/books/OL57798442M/The_Medici_return', 'amazon_buy_link': 'https://www.amazon.com/dp/1538770563?tag=thenewyorktim-20', 'apple_buy_link': 'https://goto.applebooks.apple/9781538770566?at=10lIEQ', 'book_shop_buy_link': 'https://bookshop.org/a/3546/9781538770566', 'ingested_at': Timestamp('2025-02-23 17:21:14.038069')}, {'primary_isbn13': '9781250370792', 'primary_isbn10': '1250370795', 'title': 'BONDED IN DEATH', 'author': 'J.D. Robb', 'publisher': 'None', 'description': 'The 60th book of the In Death series. Eve Dallas investigates the mysterious death of someone who was in a secret organization.', 'list_published_date': Timestamp('2025-02-23 00:00:00'), 'rank': 13, 'weeks_on_list': 2, 'number_of_pages': None, 'weight': nan, 'cover_small': 'None', 'cover_large': 'None', 'url': 'None', 'amazon_buy_link': 'https://www.amazon.com/dp/1250370795?tag=thenewyorktim-20', 'apple_buy_link': 'https://goto.applebooks.apple/9781250370792?at=10lIEQ', 'book_shop_buy_link': 'https://bookshop.org/a/3546/9781250370792', 'ingested_at': Timestamp('2025-02-23 17:21:14.038069')}, {'primary_isbn13': '9781250355508', 'primary_isbn10': '1250355508', 'title': 'THE NIGHT IS DEFYING', 'author': 'Chloe C. Peñaranda', 'publisher': 'None', 'description': 'The second book in the Nytefall series. Shifting alliances and impending doom add pressure to Astraea and Nyte’s tenuous relationship.', 'list_published_date': Timestamp('2025-02-23 00:00:00'), 'rank': 14, 'weeks_on_list': 3, 'number_of_pages': None, 'weight': nan, 'cover_small': 'None', 'cover_large': 'None', 'url': 'None', 'amazon_buy_link': 'https://www.amazon.com/dp/1250355508?tag=thenewyorktim-20', 'apple_buy_link': 'https://goto.applebooks.apple/9781250355508?at=10lIEQ', 'book_shop_buy_link': 'https://bookshop.org/a/3546/9781250355508', 'ingested_at': Timestamp('2025-02-23 17:21:14.038069')}, {'primary_isbn13': '9781250871749', 'primary_isbn10': '1250871743', 'title': 'Nemesis', 'author': 'Gregg Hurwitz', 'publisher': 'None', 'description': 'The 10th book in the Orphan X series. Things become combative between Evan Smoak and Tommy Stojack.', 'list_published_date': Timestamp('2025-02-23 00:00:00'), 'rank': 15, 'weeks_on_list': 1, 'number_of_pages': 464, 'weight': 0.64, 'cover_small': 'None', 'cover_large': 'None', 'url': 'https://openlibrary.org/books/OL57758942M/Nemesis', 'amazon_buy_link': 'https://www.amazon.com/dp/1250871743?tag=thenewyorktim-20', 'apple_buy_link': 'https://goto.applebooks.apple/9781250871749?at=10lIEQ', 'book_shop_buy_link': 'https://bookshop.org/a/3546/9781250871749', 'ingested_at': Timestamp('2025-02-23 17:21:14.038069')}]
[2025-02-23T17:21:19.990+0000] {base.py:84} INFO - Retrieving connection 'postgres_default'
[2025-02-23T17:21:19.992+0000] {sql.py:511} INFO - Running statement: 
        INSERT INTO books ( primary_isbn13, primary_isbn10, title, author, publisher, description, list_published_date,
                       rank, weeks_on_list, number_of_pages, weight, cover_small, cover_large, 
                       url, amazon_buy_link, apple_buy_link, book_shop_buy_link, ingested_at)
        VALUES (%s, %s, %s, %s, %s, %s, %s, %s, %s, %s, %s, %s, %s, %s, %s, %s, %s, %s)
    , parameters: ['9781649377159', '1649377150', 'Onyx Storm (Standard Edition)', 'Rebecca Yarros', 'None', 'The third book in the Empyrean series. As enemies gain traction, Violet Sorrengail goes beyond the Aretian wards in search of allies.', Timestamp('2025-02-23 00:00:00'), 1, 4, 527, 0.69, 'https://covers.openlibrary.org/b/id/14839882-S.jpg', 'https://covers.openlibrary.org/b/id/14839882-L.jpg', 'https://openlibrary.org/books/OL57571539M/Onyx_Storm_(Standard_Edition)', 'https://www.amazon.com/dp/1649374186?tag=thenewyorktim-20', 'https://goto.applebooks.apple/9781649377159?at=10lIEQ', 'https://bookshop.org/a/3546/9781649377159', Timestamp('2025-02-23 17:21:14.038069')]
[2025-02-23T17:21:19.994+0000] {sql.py:520} INFO - Rows affected: 1
[2025-02-23T17:21:19.996+0000] {sql.py:511} INFO - Running statement: 
        INSERT INTO books ( primary_isbn13, primary_isbn10, title, author, publisher, description, list_published_date,
                       rank, weeks_on_list, number_of_pages, weight, cover_small, cover_large, 
                       url, amazon_buy_link, apple_buy_link, book_shop_buy_link, ingested_at)
        VALUES (%s, %s, %s, %s, %s, %s, %s, %s, %s, %s, %s, %s, %s, %s, %s, %s, %s, %s)
    , parameters: ['9781649374172', '1649374178', 'Iron Flame', 'Rebecca Yarros', 'None', 'The second book in the Empyrean series. Violet Sorrengail’s next round of training under the new vice commandant might require her to betray the man she loves.', Timestamp('2025-02-23 00:00:00'), 2, 67, 512, 0.455, 'https://covers.openlibrary.org/b/id/14611581-S.jpg', 'https://covers.openlibrary.org/b/id/14611581-L.jpg', 'https://openlibrary.org/books/OL46781584M/Iron_Flame', 'https://www.amazon.com/dp/1649374178?tag=thenewyorktim-20', 'https://goto.applebooks.apple/9781649374172?at=10lIEQ', 'https://bookshop.org/a/3546/9781649374172', Timestamp('2025-02-23 17:21:14.038069')]
[2025-02-23T17:21:19.996+0000] {sql.py:520} INFO - Rows affected: 1
[2025-02-23T17:21:19.998+0000] {sql.py:511} INFO - Running statement: 
        INSERT INTO books ( primary_isbn13, primary_isbn10, title, author, publisher, description, list_published_date,
                       rank, weeks_on_list, number_of_pages, weight, cover_small, cover_large, 
                       url, amazon_buy_link, apple_buy_link, book_shop_buy_link, ingested_at)
        VALUES (%s, %s, %s, %s, %s, %s, %s, %s, %s, %s, %s, %s, %s, %s, %s, %s, %s, %s)
    , parameters: ['9780593500224', '0593500229', "EMILY WILDE'S COMPENDIUM OF LOST TALES", 'Heather Fawcett', 'None', 'The third book in the Emily Wilde series. Wilde joins with a former academic rival to examine the inner workings of a faerie realm.', Timestamp('2025-02-23 00:00:00'), 3, 1, None, nan, 'None', 'None', 'None', 'https://www.amazon.com/dp/0593500229?tag=thenewyorktim-20', 'https://goto.applebooks.apple/9780593500224?at=10lIEQ', 'https://bookshop.org/a/3546/9780593500224', Timestamp('2025-02-23 17:21:14.038069')]
[2025-02-23T17:21:19.999+0000] {sql.py:520} INFO - Rows affected: 1
[2025-02-23T17:21:20.000+0000] {sql.py:511} INFO - Running statement: 
        INSERT INTO books ( primary_isbn13, primary_isbn10, title, author, publisher, description, list_published_date,
                       rank, weeks_on_list, number_of_pages, weight, cover_small, cover_large, 
                       url, amazon_buy_link, apple_buy_link, book_shop_buy_link, ingested_at)
        VALUES (%s, %s, %s, %s, %s, %s, %s, %s, %s, %s, %s, %s, %s, %s, %s, %s, %s, %s)
    , parameters: ['9780316403689', '0316403687', 'PARANOIA', 'James Patterson and James O. Born', 'None', 'The 17th book in the Michael Bennett series. Bennett goes after someone who is killing police officers.', Timestamp('2025-02-23 00:00:00'), 4, 1, None, nan, 'None', 'None', 'None', 'https://www.amazon.com/dp/0316403687?tag=thenewyorktim-20', 'https://goto.applebooks.apple/9780316403689?at=10lIEQ', 'https://bookshop.org/a/3546/9780316403689', Timestamp('2025-02-23 17:21:14.038069')]
[2025-02-23T17:21:20.001+0000] {sql.py:520} INFO - Rows affected: 1
[2025-02-23T17:21:20.002+0000] {sql.py:511} INFO - Running statement: 
        INSERT INTO books ( primary_isbn13, primary_isbn10, title, author, publisher, description, list_published_date,
                       rank, weeks_on_list, number_of_pages, weight, cover_small, cover_large, 
                       url, amazon_buy_link, apple_buy_link, book_shop_buy_link, ingested_at)
        VALUES (%s, %s, %s, %s, %s, %s, %s, %s, %s, %s, %s, %s, %s, %s, %s, %s, %s, %s)
    , parameters: ['9780385550369', '0385550367', 'James', 'Percival Everett', 'None', "A reimagining of “Adventures of Huckleberry Finn” shines a different light on Mark Twain's classic, revealing new facets of the character of Jim.", Timestamp('2025-02-23 00:00:00'), 5, 33, 318, 0.489, 'https://covers.openlibrary.org/b/id/14612225-S.jpg', 'https://covers.openlibrary.org/b/id/14612225-L.jpg', 'https://openlibrary.org/books/OL51098012M/James', 'https://www.amazon.com/dp/0385550367?tag=thenewyorktim-20', 'https://goto.applebooks.apple/9780385550369?at=10lIEQ', 'https://bookshop.org/a/3546/9780385550369', Timestamp('2025-02-23 17:21:14.038069')]
[2025-02-23T17:21:20.003+0000] {sql.py:520} INFO - Rows affected: 1
[2025-02-23T17:21:20.004+0000] {sql.py:511} INFO - Running statement: 
        INSERT INTO books ( primary_isbn13, primary_isbn10, title, author, publisher, description, list_published_date,
                       rank, weeks_on_list, number_of_pages, weight, cover_small, cover_large, 
                       url, amazon_buy_link, apple_buy_link, book_shop_buy_link, ingested_at)
        VALUES (%s, %s, %s, %s, %s, %s, %s, %s, %s, %s, %s, %s, %s, %s, %s, %s, %s, %s)
    , parameters: ['9781250178633', '1250178630', 'The women', 'Kristin Hannah', 'None', 'In 1965, a nursing student follows her brother to serve during the Vietnam War and returns to a divided America.', Timestamp('2025-02-23 00:00:00'), 6, 54, None, nan, 'https://covers.openlibrary.org/b/id/14550040-S.jpg', 'https://covers.openlibrary.org/b/id/14550040-L.jpg', 'https://openlibrary.org/books/OL50210208M/The_women', 'https://www.amazon.com/dp/1250178630?tag=thenewyorktim-20', 'https://goto.applebooks.apple/9781250178633?at=10lIEQ', 'https://bookshop.org/a/3546/9781250178633', Timestamp('2025-02-23 17:21:14.038069')]
[2025-02-23T17:21:20.005+0000] {sql.py:520} INFO - Rows affected: 1
[2025-02-23T17:21:20.006+0000] {sql.py:511} INFO - Running statement: 
        INSERT INTO books ( primary_isbn13, primary_isbn10, title, author, publisher, description, list_published_date,
                       rank, weeks_on_list, number_of_pages, weight, cover_small, cover_large, 
                       url, amazon_buy_link, apple_buy_link, book_shop_buy_link, ingested_at)
        VALUES (%s, %s, %s, %s, %s, %s, %s, %s, %s, %s, %s, %s, %s, %s, %s, %s, %s, %s)
    , parameters: ['9781984879325', '1984879324', 'We All Live Here', 'Jojo Moyes', 'None', 'A woman, who is besieged by calamities in several facets of her life, finds her beliefs about family are tested.', Timestamp('2025-02-23 00:00:00'), 7, 1, 464, 0.648, 'https://covers.openlibrary.org/b/id/14842183-S.jpg', 'https://covers.openlibrary.org/b/id/14842183-L.jpg', 'https://openlibrary.org/books/OL57566496M/We_All_Live_Here', 'https://www.amazon.com/dp/1984879324?tag=thenewyorktim-20', 'https://goto.applebooks.apple/9781984879325?at=10lIEQ', 'https://bookshop.org/a/3546/9781984879325', Timestamp('2025-02-23 17:21:14.038069')]
[2025-02-23T17:21:20.007+0000] {sql.py:520} INFO - Rows affected: 1
[2025-02-23T17:21:20.008+0000] {sql.py:511} INFO - Running statement: 
        INSERT INTO books ( primary_isbn13, primary_isbn10, title, author, publisher, description, list_published_date,
                       rank, weeks_on_list, number_of_pages, weight, cover_small, cover_large, 
                       url, amazon_buy_link, apple_buy_link, book_shop_buy_link, ingested_at)
        VALUES (%s, %s, %s, %s, %s, %s, %s, %s, %s, %s, %s, %s, %s, %s, %s, %s, %s, %s)
    , parameters: ['9781649374042', '1649374046', 'Fourth Wing', 'Rebecca Yarros', 'None', 'Violet Sorrengail is urged by the commanding general, who also is her mother, to become a candidate for the elite dragon riders.', Timestamp('2025-02-23 00:00:00'), 8, 84, None, 0.455, 'https://covers.openlibrary.org/b/id/14605482-S.jpg', 'https://covers.openlibrary.org/b/id/14605482-L.jpg', 'https://openlibrary.org/books/OL39767438M/Fourth_Wing', 'https://www.amazon.com/dp/1649374046?tag=thenewyorktim-20', 'https://goto.applebooks.apple/9781649374042?at=10lIEQ', 'https://bookshop.org/a/3546/9781649374042', Timestamp('2025-02-23 17:21:14.038069')]
[2025-02-23T17:21:20.009+0000] {sql.py:520} INFO - Rows affected: 1
[2025-02-23T17:21:20.010+0000] {sql.py:511} INFO - Running statement: 
        INSERT INTO books ( primary_isbn13, primary_isbn10, title, author, publisher, description, list_published_date,
                       rank, weeks_on_list, number_of_pages, weight, cover_small, cover_large, 
                       url, amazon_buy_link, apple_buy_link, book_shop_buy_link, ingested_at)
        VALUES (%s, %s, %s, %s, %s, %s, %s, %s, %s, %s, %s, %s, %s, %s, %s, %s, %s, %s)
    , parameters: ['9780593803486', '0593803485', 'Three Days in June', 'Anne Tyler', 'None', 'As her daughter’s wedding draws near, Gail Baines faces issues with her job, her ex-husband and her past.', Timestamp('2025-02-23 00:00:00'), 9, 1, 165, 0.333, 'https://covers.openlibrary.org/b/id/14842192-S.jpg', 'https://covers.openlibrary.org/b/id/14842192-L.jpg', 'https://openlibrary.org/books/OL57570512M/Three_Days_in_June', 'https://www.amazon.com/dp/0593803485?tag=thenewyorktim-20', 'https://goto.applebooks.apple/9780593803486?at=10lIEQ', 'https://bookshop.org/a/3546/9780593803486', Timestamp('2025-02-23 17:21:14.038069')]
[2025-02-23T17:21:20.010+0000] {sql.py:520} INFO - Rows affected: 1
[2025-02-23T17:21:20.012+0000] {sql.py:511} INFO - Running statement: 
        INSERT INTO books ( primary_isbn13, primary_isbn10, title, author, publisher, description, list_published_date,
                       rank, weeks_on_list, number_of_pages, weight, cover_small, cover_large, 
                       url, amazon_buy_link, apple_buy_link, book_shop_buy_link, ingested_at)
        VALUES (%s, %s, %s, %s, %s, %s, %s, %s, %s, %s, %s, %s, %s, %s, %s, %s, %s, %s)
    , parameters: ['9781250899576', '1250899575', 'Wedding People', 'Alison Espach', 'None', 'A woman who is down on her luck forms an unexpected bond with the bride at a wedding in Rhode Island.', Timestamp('2025-02-23 00:00:00'), 10, 16, None, 0.45, 'https://covers.openlibrary.org/b/id/14647406-S.jpg', 'https://covers.openlibrary.org/b/id/14647406-L.jpg', 'https://openlibrary.org/books/OL50714525M/Wedding_People', 'https://www.amazon.com/dp/1250899575?tag=thenewyorktim-20', 'https://goto.applebooks.apple/9781250899576?at=10lIEQ', 'https://bookshop.org/a/3546/9781250899576', Timestamp('2025-02-23 17:21:14.038069')]
[2025-02-23T17:21:20.012+0000] {sql.py:520} INFO - Rows affected: 1
[2025-02-23T17:21:20.013+0000] {sql.py:511} INFO - Running statement: 
        INSERT INTO books ( primary_isbn13, primary_isbn10, title, author, publisher, description, list_published_date,
                       rank, weeks_on_list, number_of_pages, weight, cover_small, cover_large, 
                       url, amazon_buy_link, apple_buy_link, book_shop_buy_link, ingested_at)
        VALUES (%s, %s, %s, %s, %s, %s, %s, %s, %s, %s, %s, %s, %s, %s, %s, %s, %s, %s)
    , parameters: ['9780593418918', '0593418913', 'God of the Woods', 'Liz Moore', 'None', 'When a 13-year-old girl disappears from an Adirondack summer camp in 1975, secrets kept by the Van Laar family emerge.', Timestamp('2025-02-23 00:00:00'), 11, 31, None, 0.745, 'https://covers.openlibrary.org/b/id/14645735-S.jpg', 'https://covers.openlibrary.org/b/id/14645735-L.jpg', 'https://openlibrary.org/books/OL51111334M/God_of_the_Woods', 'https://www.amazon.com/dp/0593418913?tag=thenewyorktim-20', 'https://goto.applebooks.apple/9780593418918?at=10lIEQ', 'https://bookshop.org/a/3546/9780593418918', Timestamp('2025-02-23 17:21:14.038069')]
[2025-02-23T17:21:20.014+0000] {sql.py:520} INFO - Rows affected: 1
[2025-02-23T17:21:20.015+0000] {sql.py:511} INFO - Running statement: 
        INSERT INTO books ( primary_isbn13, primary_isbn10, title, author, publisher, description, list_published_date,
                       rank, weeks_on_list, number_of_pages, weight, cover_small, cover_large, 
                       url, amazon_buy_link, apple_buy_link, book_shop_buy_link, ingested_at)
        VALUES (%s, %s, %s, %s, %s, %s, %s, %s, %s, %s, %s, %s, %s, %s, %s, %s, %s, %s)
    , parameters: ['9781538770566', '1538770563', 'The Medici return', 'Steve Berry', 'None', 'The 19th book in the Cotton Malone series. Malone goes to Italy to unravel a five-centuries-old mystery.', Timestamp('2025-02-23 00:00:00'), 12, 1, 403, nan, 'https://covers.openlibrary.org/b/id/14845327-S.jpg', 'https://covers.openlibrary.org/b/id/14845327-L.jpg', 'https://openlibrary.org/books/OL57798442M/The_Medici_return', 'https://www.amazon.com/dp/1538770563?tag=thenewyorktim-20', 'https://goto.applebooks.apple/9781538770566?at=10lIEQ', 'https://bookshop.org/a/3546/9781538770566', Timestamp('2025-02-23 17:21:14.038069')]
[2025-02-23T17:21:20.016+0000] {sql.py:520} INFO - Rows affected: 1
[2025-02-23T17:21:20.017+0000] {sql.py:511} INFO - Running statement: 
        INSERT INTO books ( primary_isbn13, primary_isbn10, title, author, publisher, description, list_published_date,
                       rank, weeks_on_list, number_of_pages, weight, cover_small, cover_large, 
                       url, amazon_buy_link, apple_buy_link, book_shop_buy_link, ingested_at)
        VALUES (%s, %s, %s, %s, %s, %s, %s, %s, %s, %s, %s, %s, %s, %s, %s, %s, %s, %s)
    , parameters: ['9781250370792', '1250370795', 'BONDED IN DEATH', 'J.D. Robb', 'None', 'The 60th book of the In Death series. Eve Dallas investigates the mysterious death of someone who was in a secret organization.', Timestamp('2025-02-23 00:00:00'), 13, 2, None, nan, 'None', 'None', 'None', 'https://www.amazon.com/dp/1250370795?tag=thenewyorktim-20', 'https://goto.applebooks.apple/9781250370792?at=10lIEQ', 'https://bookshop.org/a/3546/9781250370792', Timestamp('2025-02-23 17:21:14.038069')]
[2025-02-23T17:21:20.018+0000] {sql.py:520} INFO - Rows affected: 1
[2025-02-23T17:21:20.019+0000] {sql.py:511} INFO - Running statement: 
        INSERT INTO books ( primary_isbn13, primary_isbn10, title, author, publisher, description, list_published_date,
                       rank, weeks_on_list, number_of_pages, weight, cover_small, cover_large, 
                       url, amazon_buy_link, apple_buy_link, book_shop_buy_link, ingested_at)
        VALUES (%s, %s, %s, %s, %s, %s, %s, %s, %s, %s, %s, %s, %s, %s, %s, %s, %s, %s)
    , parameters: ['9781250355508', '1250355508', 'THE NIGHT IS DEFYING', 'Chloe C. Peñaranda', 'None', 'The second book in the Nytefall series. Shifting alliances and impending doom add pressure to Astraea and Nyte’s tenuous relationship.', Timestamp('2025-02-23 00:00:00'), 14, 3, None, nan, 'None', 'None', 'None', 'https://www.amazon.com/dp/1250355508?tag=thenewyorktim-20', 'https://goto.applebooks.apple/9781250355508?at=10lIEQ', 'https://bookshop.org/a/3546/9781250355508', Timestamp('2025-02-23 17:21:14.038069')]
[2025-02-23T17:21:20.019+0000] {sql.py:520} INFO - Rows affected: 1
[2025-02-23T17:21:20.021+0000] {sql.py:511} INFO - Running statement: 
        INSERT INTO books ( primary_isbn13, primary_isbn10, title, author, publisher, description, list_published_date,
                       rank, weeks_on_list, number_of_pages, weight, cover_small, cover_large, 
                       url, amazon_buy_link, apple_buy_link, book_shop_buy_link, ingested_at)
        VALUES (%s, %s, %s, %s, %s, %s, %s, %s, %s, %s, %s, %s, %s, %s, %s, %s, %s, %s)
    , parameters: ['9781250871749', '1250871743', 'Nemesis', 'Gregg Hurwitz', 'None', 'The 10th book in the Orphan X series. Things become combative between Evan Smoak and Tommy Stojack.', Timestamp('2025-02-23 00:00:00'), 15, 1, 464, 0.64, 'None', 'None', 'https://openlibrary.org/books/OL57758942M/Nemesis', 'https://www.amazon.com/dp/1250871743?tag=thenewyorktim-20', 'https://goto.applebooks.apple/9781250871749?at=10lIEQ', 'https://bookshop.org/a/3546/9781250871749', Timestamp('2025-02-23 17:21:14.038069')]
[2025-02-23T17:21:20.022+0000] {sql.py:520} INFO - Rows affected: 1
[2025-02-23T17:21:20.022+0000] {python.py:240} INFO - Done. Returned value was: None
[2025-02-23T17:21:20.027+0000] {taskinstance.py:341} INFO - ::group::Post task execution logs
[2025-02-23T17:21:20.027+0000] {taskinstance.py:353} INFO - Marking task as SUCCESS. dag_id=book_data_pipeline, task_id=insert_book_data, run_id=manual__2025-02-23T17:20:45.630187+00:00, execution_date=20250223T172045, start_date=20250223T172119, end_date=20250223T172120
[2025-02-23T17:21:20.042+0000] {logging_mixin.py:190} INFO - Task instance in success state
[2025-02-23T17:21:20.043+0000] {logging_mixin.py:190} INFO -  Previous state of the Task instance: running
[2025-02-23T17:21:20.043+0000] {logging_mixin.py:190} INFO - Dag name:book_data_pipeline queued_at:2025-02-23 17:20:45.666339+00:00
[2025-02-23T17:21:20.043+0000] {logging_mixin.py:190} INFO - Task hostname:9ed3502c11bd operator:PythonOperator
[2025-02-23T17:21:20.074+0000] {local_task_job_runner.py:266} INFO - Task exited with return code 0
[2025-02-23T17:21:20.088+0000] {taskinstance.py:3901} INFO - 1 downstream tasks scheduled from follow-on schedule check
[2025-02-23T17:21:20.089+0000] {local_task_job_runner.py:245} INFO - ::endgroup::
